#
# There is insufficient memory for the Java Runtime Environment to continue.
# Native memory allocation (mmap) failed to map 7503609856 bytes for G1 virtual space
# Possible reasons:
#   The system is out of physical RAM or swap space
#   The process is running with CompressedOops enabled, and the Java Heap may be blocking the growth of the native heap
# Possible solutions:
#   Reduce memory load on the system
#   Increase physical memory or swap space
#   Check if swap backing store is full
#   Decrease Java heap size (-Xmx/-Xms)
#   Decrease number of Java threads
#   Decrease Java thread stack sizes (-Xss)
#   Set larger code cache with -XX:ReservedCodeCacheSize=
#   JVM is running with Zero Based Compressed Oops mode in which the Java heap is
#     placed in the first 32GB address space. The Java Heap base address is the
#     maximum limit for the native heap growth. Please use -XX:HeapBaseMinAddress
#     to set the Java Heap base and to place the Java Heap above 32GB virtual address.
# This output file may be truncated or incomplete.
#
#  Out of Memory Error (os_windows.cpp:3600), pid=19204, tid=19452
#
# JRE version: OpenJDK Runtime Environment Temurin-21.0.2+13 (21.0.2+13) (build 21.0.2+13-LTS)
# Java VM: OpenJDK 64-Bit Server VM Temurin-21.0.2+13 (21.0.2+13-LTS, mixed mode, sharing, tiered, compressed oops, compressed class ptrs, g1 gc, windows-amd64)
# No core dump will be written. Minidumps are not enabled by default on client versions of Windows
#

---------------  S U M M A R Y ------------

Command Line: -Declipse.application=org.eclipse.jdt.ls.core.id1 -Dosgi.bundles.defaultStartLevel=4 -Declipse.product=org.eclipse.jdt.ls.core.product -Dosgi.checkConfiguration=true -Dosgi.sharedConfiguration.area=C:\Users\Gibbon\AppData\Local\nvim-data\mason\packages\jdtls\config_win -Dosgi.sharedConfiguration.area.readOnly=true -Dosgi.configuration.cascaded=true -Xms1G --add-modules=ALL-SYSTEM --add-opens=java.base/java.util=ALL-UNNAMED --add-opens=java.base/java.lang=ALL-UNNAMED C:\Users\Gibbon\AppData\Local\nvim-data\mason\packages\jdtls\plugins\org.eclipse.equinox.launcher_1.6.800.v20240330-1250.jar -data C:\Users\Gibbon/.cache/jdtls/workspace -configuration C:\Users\Gibbon/.cache/jdtls/config

Host: AMD Ryzen 5 5600X 6-Core Processor             , 12 cores, 31G,  Windows 10 , 64 bit Build 19041 (10.0.19041.3636)
Time: Wed Jun 26 20:12:24 2024 GMT Summer Time elapsed time: 781033.755819 seconds (9d 0h 57m 13s)

---------------  T H R E A D  ---------------

Current thread (0x000001eb25813df0):  VMThread "VM Thread"          [id=19452, stack(0x0000007b35900000,0x0000007b35a00000) (1024K)]

Stack: [0x0000007b35900000,0x0000007b35a00000]
Native frames: (J=compiled Java code, j=interpreted, Vv=VM code, C=native code)
V  [jvm.dll+0x6c94f9]
V  [jvm.dll+0x8a3c21]
V  [jvm.dll+0x8a614e]
V  [jvm.dll+0x8a6823]
V  [jvm.dll+0x27fa86]
V  [jvm.dll+0x6c5c75]
V  [jvm.dll+0x6ba96a]
V  [jvm.dll+0x35398a]
V  [jvm.dll+0x35b536]
V  [jvm.dll+0x3ac6be]
V  [jvm.dll+0x3ac968]
V  [jvm.dll+0x327bcc]
V  [jvm.dll+0x32a8c4]
V  [jvm.dll+0x32a79d]
V  [jvm.dll+0x369866]
V  [jvm.dll+0x8ac12f]
V  [jvm.dll+0x8ad234]
V  [jvm.dll+0x8ad770]
V  [jvm.dll+0x8ada13]
V  [jvm.dll+0x84cb3b]
V  [jvm.dll+0x6c7c2d]
C  [ucrtbase.dll+0x21bb2]
C  [KERNEL32.DLL+0x17344]
C  [ntdll.dll+0x4cc91]

VM_Operation (0x0000007b37bfed50): G1CollectForAllocation, mode: safepoint, requested by thread 0x000001eb6c486ef0


---------------  P R O C E S S  ---------------

Threads class SMR info:
_java_thread_list=0x000001eb6df7fd80, length=26, elements={
0x000001eb7fb938a0, 0x000001eb26146320, 0x000001eb2582c5a0, 0x000001eb2582e370,
0x000001eb2614a220, 0x000001eb2614ac80, 0x000001eb2614dea0, 0x000001eb26159990,
0x000001eb2615a430, 0x000001eb262750f0, 0x000001eb262764a0, 0x000001eb26273d40,
0x000001eb26273020, 0x000001eb262736b0, 0x000001eb26275780, 0x000001eb26275e10,
0x000001eb6c482030, 0x000001eb6c486ef0, 0x000001eb6c484790, 0x000001eb6c487c10,
0x000001eb6c484e20, 0x000001eb6c483a70, 0x000001eb6c4833e0, 0x000001eb6c482d50,
0x000001eb7878cd10, 0x000001eb7878ede0
}

Java Threads: ( => current thread )
  0x000001eb7fb938a0 JavaThread "main"                              [_thread_blocked, id=10680, stack(0x0000007b35200000,0x0000007b35300000) (1024K)]
  0x000001eb26146320 JavaThread "Reference Handler"          daemon [_thread_blocked, id=12236, stack(0x0000007b35a00000,0x0000007b35b00000) (1024K)]
  0x000001eb2582c5a0 JavaThread "Finalizer"                  daemon [_thread_blocked, id=16204, stack(0x0000007b35b00000,0x0000007b35c00000) (1024K)]
  0x000001eb2582e370 JavaThread "Signal Dispatcher"          daemon [_thread_blocked, id=12808, stack(0x0000007b35c00000,0x0000007b35d00000) (1024K)]
  0x000001eb2614a220 JavaThread "Attach Listener"            daemon [_thread_blocked, id=6236, stack(0x0000007b35d00000,0x0000007b35e00000) (1024K)]
  0x000001eb2614ac80 JavaThread "Service Thread"             daemon [_thread_blocked, id=26256, stack(0x0000007b35e00000,0x0000007b35f00000) (1024K)]
  0x000001eb2614dea0 JavaThread "Monitor Deflation Thread"   daemon [_thread_blocked, id=26500, stack(0x0000007b35f00000,0x0000007b36000000) (1024K)]
  0x000001eb26159990 JavaThread "C2 CompilerThread0"         daemon [_thread_blocked, id=11380, stack(0x0000007b36000000,0x0000007b36100000) (1024K)]
  0x000001eb2615a430 JavaThread "C1 CompilerThread0"         daemon [_thread_blocked, id=11968, stack(0x0000007b36100000,0x0000007b36200000) (1024K)]
  0x000001eb262750f0 JavaThread "Common-Cleaner"             daemon [_thread_blocked, id=26140, stack(0x0000007b36200000,0x0000007b36300000) (1024K)]
  0x000001eb262764a0 JavaThread "Notification Thread"        daemon [_thread_blocked, id=12400, stack(0x0000007b36300000,0x0000007b36400000) (1024K)]
  0x000001eb26273d40 JavaThread "Active Thread: Equinox Container: a91e67d7-1e93-4bf5-a677-bff3ae10a523"        [_thread_blocked, id=240, stack(0x0000007b36600000,0x0000007b36700000) (1024K)]
  0x000001eb26273020 JavaThread "Framework Event Dispatcher: Equinox Container: a91e67d7-1e93-4bf5-a677-bff3ae10a523" daemon [_thread_blocked, id=2476, stack(0x0000007b36400000,0x0000007b36500000) (1024K)]
  0x000001eb262736b0 JavaThread "Start Level: Equinox Container: a91e67d7-1e93-4bf5-a677-bff3ae10a523" daemon [_thread_blocked, id=12208, stack(0x0000007b36500000,0x0000007b36600000) (1024K)]
  0x000001eb26275780 JavaThread "Bundle File Closer"         daemon [_thread_blocked, id=25916, stack(0x0000007b36800000,0x0000007b36900000) (1024K)]
  0x000001eb26275e10 JavaThread "SCR Component Actor"        daemon [_thread_blocked, id=19696, stack(0x0000007b37100000,0x0000007b37200000) (1024K)]
  0x000001eb6c482030 JavaThread "Worker-JM"                         [_thread_blocked, id=21908, stack(0x0000007b37400000,0x0000007b37500000) (1024K)]
  0x000001eb6c486ef0 JavaThread "Java indexing"              daemon [_thread_blocked, id=6576, stack(0x0000007b37b00000,0x0000007b37c00000) (1024K)]
  0x000001eb6c484790 JavaThread "JNA Cleaner"                daemon [_thread_blocked, id=6248, stack(0x0000007b37c00000,0x0000007b37d00000) (1024K)]
  0x000001eb6c487c10 JavaThread "pool-2-thread-1"                   [_thread_blocked, id=24004, stack(0x0000007b37f00000,0x0000007b38000000) (1024K)]
  0x000001eb6c484e20 JavaThread "WorkspaceEventsHandler"            [_thread_blocked, id=20484, stack(0x0000007b38100000,0x0000007b38200000) (1024K)]
  0x000001eb6c483a70 JavaThread "pool-1-thread-1"                   [_thread_in_native, id=6776, stack(0x0000007b38200000,0x0000007b38300000) (1024K)]
  0x000001eb6c4833e0 JavaThread "Timer-0"                           [_thread_blocked, id=4884, stack(0x0000007b38500000,0x0000007b38600000) (1024K)]
  0x000001eb6c482d50 JavaThread "Timer-1"                           [_thread_blocked, id=24196, stack(0x0000007b37700000,0x0000007b37800000) (1024K)]
  0x000001eb7878cd10 JavaThread "Worker-7"                          [_thread_blocked, id=25568, stack(0x0000007b35100000,0x0000007b35200000) (1024K)]
  0x000001eb7878ede0 JavaThread "Worker-8"                          [_thread_blocked, id=14400, stack(0x0000007b34f00000,0x0000007b35000000) (1024K)]
Total: 26

Other Threads:
=>0x000001eb25813df0 VMThread "VM Thread"                           [id=19452, stack(0x0000007b35900000,0x0000007b35a00000) (1024K)]
  0x000001eb257fcf60 WatcherThread "VM Periodic Task Thread"        [id=21336, stack(0x0000007b35800000,0x0000007b35900000) (1024K)]
  0x000001eb7fc37120 WorkerThread "GC Thread#0"                     [id=12696, stack(0x0000007b35300000,0x0000007b35400000) (1024K)]
  0x000001eb6c385890 WorkerThread "GC Thread#1"                     [id=25612, stack(0x0000007b36700000,0x0000007b36800000) (1024K)]
  0x000001eb26d096a0 WorkerThread "GC Thread#2"                     [id=25384, stack(0x0000007b36900000,0x0000007b36a00000) (1024K)]
  0x000001eb2698ca10 WorkerThread "GC Thread#3"                     [id=27568, stack(0x0000007b36a00000,0x0000007b36b00000) (1024K)]
  0x000001eb6c333650 WorkerThread "GC Thread#4"                     [id=19948, stack(0x0000007b36b00000,0x0000007b36c00000) (1024K)]
  0x000001eb6c333dc0 WorkerThread "GC Thread#5"                     [id=21740, stack(0x0000007b36c00000,0x0000007b36d00000) (1024K)]
  0x000001eb6c2bcec0 WorkerThread "GC Thread#6"                     [id=24316, stack(0x0000007b36d00000,0x0000007b36e00000) (1024K)]
  0x000001eb6c2deeb0 WorkerThread "GC Thread#7"                     [id=3456, stack(0x0000007b36e00000,0x0000007b36f00000) (1024K)]
  0x000001eb6c2deb10 WorkerThread "GC Thread#8"                     [id=10876, stack(0x0000007b36f00000,0x0000007b37000000) (1024K)]
  0x000001eb6c2df250 WorkerThread "GC Thread#9"                     [id=25804, stack(0x0000007b37000000,0x0000007b37100000) (1024K)]
  0x000001eb7fc48a50 ConcurrentGCThread "G1 Main Marker"            [id=16328, stack(0x0000007b35400000,0x0000007b35500000) (1024K)]
  0x000001eb7fc49cf0 WorkerThread "G1 Conc#0"                       [id=25752, stack(0x0000007b35500000,0x0000007b35600000) (1024K)]
  0x000001eb6c2de3d0 WorkerThread "G1 Conc#1"                       [id=25812, stack(0x0000007b37800000,0x0000007b37900000) (1024K)]
  0x000001eb6c2df990 WorkerThread "G1 Conc#2"                       [id=19540, stack(0x0000007b37900000,0x0000007b37a00000) (1024K)]
  0x000001eb2574b5d0 ConcurrentGCThread "G1 Refine#0"               [id=23856, stack(0x0000007b35600000,0x0000007b35700000) (1024K)]
  0x000001eb2574bf50 ConcurrentGCThread "G1 Service"                [id=19716, stack(0x0000007b35700000,0x0000007b35800000) (1024K)]
Total: 18

Threads with active compile tasks:
Total: 0

VM state: at safepoint (normal execution)

VM Mutex/Monitor currently owned by a thread:  ([mutex/lock_event])
[0x00007ffdb0b23198] Threads_lock - owner thread: 0x000001eb25813df0
[0x00007ffdb0b23298] Heap_lock - owner thread: 0x000001eb6c486ef0

Heap address: 0x0000000600c00000, size: 8180 MB, Compressed Oops mode: Zero based, Oop shift amount: 3

CDS archive(s) mapped at: [0x000001eb27000000-0x000001eb27c90000-0x000001eb27c90000), size 13172736, SharedBaseAddress: 0x000001eb27000000, ArchiveRelocationMode: 1.
Compressed class space mapped at: 0x000001eb28000000-0x000001eb68000000, reserved size: 1073741824
Narrow klass base: 0x000001eb27000000, Narrow klass shift: 0, Narrow klass range: 0x100000000

GC Precious Log:
 CardTable entry size: 512
 Card Set container configuration: InlinePtr #cards 4 size 8 Array Of Cards #cards 32 size 80 Howl #buckets 8 coarsen threshold 7372 Howl Bitmap #cards 1024 size 144 coarsen threshold 921 Card regions per heap region 1 cards per card region 8192
 CPUs: 12 total, 12 available
 Memory: 32712M
 Large Page Support: Disabled
 NUMA Support: Disabled
 Compressed Oops: Enabled (Zero based)
 Heap Region Size: 4M
 Heap Min Capacity: 1G
 Heap Initial Capacity: 1G
 Heap Max Capacity: 8180M
 Pre-touch: Disabled
 Parallel Workers: 10
 Concurrent Workers: 3
 Concurrent Refinement Workers: 10
 Periodic GC: Disabled

Heap:
 garbage-first heap   total 1048576K, used 78920K [0x0000000600c00000, 0x0000000800000000)
  region size 4096K, 2 young (8192K), 2 survivors (8192K)
 Metaspace       used 84935K, committed 86784K, reserved 1179648K
  class space    used 8865K, committed 9664K, reserved 1048576K

Heap Regions: E=young(eden), S=young(survivor), O=old, HS=humongous(starts), HC=humongous(continues), CS=collection set, F=free, TAMS=top-at-mark-start, PB=parsable bottom
|   0|0x0000000600c00000, 0x0000000601000000, 0x0000000601000000|100%| O|  |TAMS 0x0000000600c00000| PB 0x0000000600c00000| Untracked 
|   1|0x0000000601000000, 0x0000000601400000, 0x0000000601400000|100%| O|  |TAMS 0x0000000601000000| PB 0x0000000601000000| Untracked 
|   2|0x0000000601400000, 0x0000000601800000, 0x0000000601800000|100%|HS|  |TAMS 0x0000000601400000| PB 0x0000000601400000| Complete 
|   3|0x0000000601800000, 0x0000000601c00000, 0x0000000601c00000|100%| O|  |TAMS 0x0000000601800000| PB 0x0000000601800000| Untracked 
|   4|0x0000000601c00000, 0x0000000602000000, 0x0000000602000000|100%| O|  |TAMS 0x0000000601c00000| PB 0x0000000601c00000| Untracked 
|   5|0x0000000602000000, 0x0000000602400000, 0x0000000602400000|100%| O|  |TAMS 0x0000000602000000| PB 0x0000000602000000| Untracked 
|   6|0x0000000602400000, 0x0000000602800000, 0x0000000602800000|100%| O|  |TAMS 0x0000000602400000| PB 0x0000000602400000| Untracked 
|   7|0x0000000602800000, 0x0000000602c00000, 0x0000000602c00000|100%| O|  |TAMS 0x0000000602800000| PB 0x0000000602800000| Untracked 
|   8|0x0000000602c00000, 0x0000000603000000, 0x0000000603000000|100%| O|  |TAMS 0x0000000602c00000| PB 0x0000000602c00000| Untracked 
|   9|0x0000000603000000, 0x0000000603400000, 0x0000000603400000|100%| O|  |TAMS 0x0000000603000000| PB 0x0000000603000000| Untracked 
|  10|0x0000000603400000, 0x0000000603800000, 0x0000000603800000|100%| O|  |TAMS 0x0000000603400000| PB 0x0000000603400000| Untracked 
|  11|0x0000000603800000, 0x0000000603c00000, 0x0000000603c00000|100%| O|  |TAMS 0x0000000603800000| PB 0x0000000603800000| Untracked 
|  12|0x0000000603c00000, 0x0000000604000000, 0x0000000604000000|100%| O|Cm|TAMS 0x0000000603c00000| PB 0x0000000603c00000| Complete 
|  13|0x0000000604000000, 0x0000000604400000, 0x0000000604400000|100%| O|  |TAMS 0x0000000604000000| PB 0x0000000604000000| Untracked 
|  14|0x0000000604400000, 0x0000000604800000, 0x0000000604800000|100%| O|  |TAMS 0x0000000604400000| PB 0x0000000604400000| Untracked 
|  15|0x0000000604800000, 0x0000000604c00000, 0x0000000604c00000|100%| O|  |TAMS 0x0000000604800000| PB 0x0000000604800000| Untracked 
|  16|0x0000000604c00000, 0x0000000605000000, 0x0000000605000000|100%| O|  |TAMS 0x0000000604c00000| PB 0x0000000604c00000| Untracked 
|  17|0x0000000605000000, 0x000000060535c2b0, 0x0000000605400000| 84%| O|  |TAMS 0x0000000605000000| PB 0x0000000605000000| Untracked 
|  18|0x0000000605400000, 0x0000000605400000, 0x0000000605800000|  0%| F|  |TAMS 0x0000000605400000| PB 0x0000000605400000| Untracked 
|  19|0x0000000605800000, 0x0000000605800000, 0x0000000605c00000|  0%| F|  |TAMS 0x0000000605800000| PB 0x0000000605800000| Untracked 
|  20|0x0000000605c00000, 0x0000000605c00000, 0x0000000606000000|  0%| F|  |TAMS 0x0000000605c00000| PB 0x0000000605c00000| Untracked 
|  21|0x0000000606000000, 0x0000000606000000, 0x0000000606400000|  0%| F|  |TAMS 0x0000000606000000| PB 0x0000000606000000| Untracked 
|  22|0x0000000606400000, 0x0000000606400000, 0x0000000606800000|  0%| F|  |TAMS 0x0000000606400000| PB 0x0000000606400000| Untracked 
|  23|0x0000000606800000, 0x0000000606800000, 0x0000000606c00000|  0%| F|  |TAMS 0x0000000606800000| PB 0x0000000606800000| Untracked 
|  24|0x0000000606c00000, 0x0000000606c00000, 0x0000000607000000|  0%| F|  |TAMS 0x0000000606c00000| PB 0x0000000606c00000| Untracked 
|  25|0x0000000607000000, 0x0000000607000000, 0x0000000607400000|  0%| F|  |TAMS 0x0000000607000000| PB 0x0000000607000000| Untracked 
|  26|0x0000000607400000, 0x0000000607400000, 0x0000000607800000|  0%| F|  |TAMS 0x0000000607400000| PB 0x0000000607400000| Untracked 
|  27|0x0000000607800000, 0x0000000607800000, 0x0000000607c00000|  0%| F|  |TAMS 0x0000000607800000| PB 0x0000000607800000| Untracked 
|  28|0x0000000607c00000, 0x0000000607c00000, 0x0000000608000000|  0%| F|  |TAMS 0x0000000607c00000| PB 0x0000000607c00000| Untracked 
|  29|0x0000000608000000, 0x0000000608000000, 0x0000000608400000|  0%| F|  |TAMS 0x0000000608000000| PB 0x0000000608000000| Untracked 
|  30|0x0000000608400000, 0x0000000608400000, 0x0000000608800000|  0%| F|  |TAMS 0x0000000608400000| PB 0x0000000608400000| Untracked 
|  31|0x0000000608800000, 0x0000000608800000, 0x0000000608c00000|  0%| F|  |TAMS 0x0000000608800000| PB 0x0000000608800000| Untracked 
|  32|0x0000000608c00000, 0x0000000608c00000, 0x0000000609000000|  0%| F|  |TAMS 0x0000000608c00000| PB 0x0000000608c00000| Untracked 
|  33|0x0000000609000000, 0x0000000609000000, 0x0000000609400000|  0%| F|  |TAMS 0x0000000609000000| PB 0x0000000609000000| Untracked 
|  34|0x0000000609400000, 0x0000000609400000, 0x0000000609800000|  0%| F|  |TAMS 0x0000000609400000| PB 0x0000000609400000| Untracked 
|  35|0x0000000609800000, 0x0000000609800000, 0x0000000609c00000|  0%| F|  |TAMS 0x0000000609800000| PB 0x0000000609800000| Untracked 
|  36|0x0000000609c00000, 0x0000000609c00000, 0x000000060a000000|  0%| F|  |TAMS 0x0000000609c00000| PB 0x0000000609c00000| Untracked 
|  37|0x000000060a000000, 0x000000060a000000, 0x000000060a400000|  0%| F|  |TAMS 0x000000060a000000| PB 0x000000060a000000| Untracked 
|  38|0x000000060a400000, 0x000000060a400000, 0x000000060a800000|  0%| F|  |TAMS 0x000000060a400000| PB 0x000000060a400000| Untracked 
|  39|0x000000060a800000, 0x000000060a800000, 0x000000060ac00000|  0%| F|  |TAMS 0x000000060a800000| PB 0x000000060a800000| Untracked 
|  40|0x000000060ac00000, 0x000000060ac00000, 0x000000060b000000|  0%| F|  |TAMS 0x000000060ac00000| PB 0x000000060ac00000| Untracked 
|  41|0x000000060b000000, 0x000000060b000000, 0x000000060b400000|  0%| F|  |TAMS 0x000000060b000000| PB 0x000000060b000000| Untracked 
|  42|0x000000060b400000, 0x000000060b400000, 0x000000060b800000|  0%| F|  |TAMS 0x000000060b400000| PB 0x000000060b400000| Untracked 
|  43|0x000000060b800000, 0x000000060b800000, 0x000000060bc00000|  0%| F|  |TAMS 0x000000060b800000| PB 0x000000060b800000| Untracked 
|  44|0x000000060bc00000, 0x000000060bc00000, 0x000000060c000000|  0%| F|  |TAMS 0x000000060bc00000| PB 0x000000060bc00000| Untracked 
|  45|0x000000060c000000, 0x000000060c000000, 0x000000060c400000|  0%| F|  |TAMS 0x000000060c000000| PB 0x000000060c000000| Untracked 
|  46|0x000000060c400000, 0x000000060c400000, 0x000000060c800000|  0%| F|  |TAMS 0x000000060c400000| PB 0x000000060c400000| Untracked 
|  47|0x000000060c800000, 0x000000060c800000, 0x000000060cc00000|  0%| F|  |TAMS 0x000000060c800000| PB 0x000000060c800000| Untracked 
|  48|0x000000060cc00000, 0x000000060cc00000, 0x000000060d000000|  0%| F|  |TAMS 0x000000060cc00000| PB 0x000000060cc00000| Untracked 
|  49|0x000000060d000000, 0x000000060d000000, 0x000000060d400000|  0%| F|  |TAMS 0x000000060d000000| PB 0x000000060d000000| Untracked 
|  50|0x000000060d400000, 0x000000060d400000, 0x000000060d800000|  0%| F|  |TAMS 0x000000060d400000| PB 0x000000060d400000| Untracked 
|  51|0x000000060d800000, 0x000000060d800000, 0x000000060dc00000|  0%| F|  |TAMS 0x000000060d800000| PB 0x000000060d800000| Untracked 
|  52|0x000000060dc00000, 0x000000060dc00000, 0x000000060e000000|  0%| F|  |TAMS 0x000000060dc00000| PB 0x000000060dc00000| Untracked 
|  53|0x000000060e000000, 0x000000060e000000, 0x000000060e400000|  0%| F|  |TAMS 0x000000060e000000| PB 0x000000060e000000| Untracked 
|  54|0x000000060e400000, 0x000000060e400000, 0x000000060e800000|  0%| F|  |TAMS 0x000000060e400000| PB 0x000000060e400000| Untracked 
|  55|0x000000060e800000, 0x000000060e800000, 0x000000060ec00000|  0%| F|  |TAMS 0x000000060e800000| PB 0x000000060e800000| Untracked 
|  56|0x000000060ec00000, 0x000000060ec00000, 0x000000060f000000|  0%| F|  |TAMS 0x000000060ec00000| PB 0x000000060ec00000| Untracked 
|  57|0x000000060f000000, 0x000000060f000000, 0x000000060f400000|  0%| F|  |TAMS 0x000000060f000000| PB 0x000000060f000000| Untracked 
|  58|0x000000060f400000, 0x000000060f400000, 0x000000060f800000|  0%| F|  |TAMS 0x000000060f400000| PB 0x000000060f400000| Untracked 
|  59|0x000000060f800000, 0x000000060f800000, 0x000000060fc00000|  0%| F|  |TAMS 0x000000060f800000| PB 0x000000060f800000| Untracked 
|  60|0x000000060fc00000, 0x000000060fc00000, 0x0000000610000000|  0%| F|  |TAMS 0x000000060fc00000| PB 0x000000060fc00000| Untracked 
|  61|0x0000000610000000, 0x0000000610000000, 0x0000000610400000|  0%| F|  |TAMS 0x0000000610000000| PB 0x0000000610000000| Untracked 
|  62|0x0000000610400000, 0x0000000610400000, 0x0000000610800000|  0%| F|  |TAMS 0x0000000610400000| PB 0x0000000610400000| Untracked 
|  63|0x0000000610800000, 0x0000000610800000, 0x0000000610c00000|  0%| F|  |TAMS 0x0000000610800000| PB 0x0000000610800000| Untracked 
|  64|0x0000000610c00000, 0x0000000610c00000, 0x0000000611000000|  0%| F|  |TAMS 0x0000000610c00000| PB 0x0000000610c00000| Untracked 
|  65|0x0000000611000000, 0x0000000611000000, 0x0000000611400000|  0%| F|  |TAMS 0x0000000611000000| PB 0x0000000611000000| Untracked 
|  66|0x0000000611400000, 0x0000000611400000, 0x0000000611800000|  0%| F|  |TAMS 0x0000000611400000| PB 0x0000000611400000| Untracked 
|  67|0x0000000611800000, 0x0000000611800000, 0x0000000611c00000|  0%| F|  |TAMS 0x0000000611800000| PB 0x0000000611800000| Untracked 
|  68|0x0000000611c00000, 0x0000000611c00000, 0x0000000612000000|  0%| F|  |TAMS 0x0000000611c00000| PB 0x0000000611c00000| Untracked 
|  69|0x0000000612000000, 0x0000000612000000, 0x0000000612400000|  0%| F|  |TAMS 0x0000000612000000| PB 0x0000000612000000| Untracked 
|  70|0x0000000612400000, 0x0000000612400000, 0x0000000612800000|  0%| F|  |TAMS 0x0000000612400000| PB 0x0000000612400000| Untracked 
|  71|0x0000000612800000, 0x0000000612800000, 0x0000000612c00000|  0%| F|  |TAMS 0x0000000612800000| PB 0x0000000612800000| Untracked 
|  72|0x0000000612c00000, 0x0000000612c00000, 0x0000000613000000|  0%| F|  |TAMS 0x0000000612c00000| PB 0x0000000612c00000| Untracked 
|  73|0x0000000613000000, 0x0000000613000000, 0x0000000613400000|  0%| F|  |TAMS 0x0000000613000000| PB 0x0000000613000000| Untracked 
|  74|0x0000000613400000, 0x0000000613400000, 0x0000000613800000|  0%| F|  |TAMS 0x0000000613400000| PB 0x0000000613400000| Untracked 
|  75|0x0000000613800000, 0x0000000613800000, 0x0000000613c00000|  0%| F|  |TAMS 0x0000000613800000| PB 0x0000000613800000| Untracked 
|  76|0x0000000613c00000, 0x0000000613c00000, 0x0000000614000000|  0%| F|  |TAMS 0x0000000613c00000| PB 0x0000000613c00000| Untracked 
|  77|0x0000000614000000, 0x0000000614000000, 0x0000000614400000|  0%| F|  |TAMS 0x0000000614000000| PB 0x0000000614000000| Untracked 
|  78|0x0000000614400000, 0x0000000614400000, 0x0000000614800000|  0%| F|  |TAMS 0x0000000614400000| PB 0x0000000614400000| Untracked 
|  79|0x0000000614800000, 0x0000000614800000, 0x0000000614c00000|  0%| F|  |TAMS 0x0000000614800000| PB 0x0000000614800000| Untracked 
|  80|0x0000000614c00000, 0x0000000614c00000, 0x0000000615000000|  0%| F|  |TAMS 0x0000000614c00000| PB 0x0000000614c00000| Untracked 
|  81|0x0000000615000000, 0x0000000615000000, 0x0000000615400000|  0%| F|  |TAMS 0x0000000615000000| PB 0x0000000615000000| Untracked 
|  82|0x0000000615400000, 0x0000000615400000, 0x0000000615800000|  0%| F|  |TAMS 0x0000000615400000| PB 0x0000000615400000| Untracked 
|  83|0x0000000615800000, 0x0000000615800000, 0x0000000615c00000|  0%| F|  |TAMS 0x0000000615800000| PB 0x0000000615800000| Untracked 
|  84|0x0000000615c00000, 0x0000000615c00000, 0x0000000616000000|  0%| F|  |TAMS 0x0000000615c00000| PB 0x0000000615c00000| Untracked 
|  85|0x0000000616000000, 0x0000000616000000, 0x0000000616400000|  0%| F|  |TAMS 0x0000000616000000| PB 0x0000000616000000| Untracked 
|  86|0x0000000616400000, 0x0000000616400000, 0x0000000616800000|  0%| F|  |TAMS 0x0000000616400000| PB 0x0000000616400000| Untracked 
|  87|0x0000000616800000, 0x0000000616800000, 0x0000000616c00000|  0%| F|  |TAMS 0x0000000616800000| PB 0x0000000616800000| Untracked 
|  88|0x0000000616c00000, 0x0000000616c00000, 0x0000000617000000|  0%| F|  |TAMS 0x0000000616c00000| PB 0x0000000616c00000| Untracked 
|  89|0x0000000617000000, 0x0000000617000000, 0x0000000617400000|  0%| F|  |TAMS 0x0000000617000000| PB 0x0000000617000000| Untracked 
|  90|0x0000000617400000, 0x0000000617400000, 0x0000000617800000|  0%| F|  |TAMS 0x0000000617400000| PB 0x0000000617400000| Untracked 
|  91|0x0000000617800000, 0x0000000617800000, 0x0000000617c00000|  0%| F|  |TAMS 0x0000000617800000| PB 0x0000000617800000| Untracked 
|  92|0x0000000617c00000, 0x0000000617c00000, 0x0000000618000000|  0%| F|  |TAMS 0x0000000617c00000| PB 0x0000000617c00000| Untracked 
|  93|0x0000000618000000, 0x0000000618000000, 0x0000000618400000|  0%| F|  |TAMS 0x0000000618000000| PB 0x0000000618000000| Untracked 
|  94|0x0000000618400000, 0x0000000618400000, 0x0000000618800000|  0%| F|  |TAMS 0x0000000618400000| PB 0x0000000618400000| Untracked 
|  95|0x0000000618800000, 0x0000000618800000, 0x0000000618c00000|  0%| F|  |TAMS 0x0000000618800000| PB 0x0000000618800000| Untracked 
|  96|0x0000000618c00000, 0x0000000618c00000, 0x0000000619000000|  0%| F|  |TAMS 0x0000000618c00000| PB 0x0000000618c00000| Untracked 
|  97|0x0000000619000000, 0x0000000619000000, 0x0000000619400000|  0%| F|  |TAMS 0x0000000619000000| PB 0x0000000619000000| Untracked 
|  98|0x0000000619400000, 0x0000000619400000, 0x0000000619800000|  0%| F|  |TAMS 0x0000000619400000| PB 0x0000000619400000| Untracked 
|  99|0x0000000619800000, 0x0000000619800000, 0x0000000619c00000|  0%| F|  |TAMS 0x0000000619800000| PB 0x0000000619800000| Untracked 
| 100|0x0000000619c00000, 0x0000000619c00000, 0x000000061a000000|  0%| F|  |TAMS 0x0000000619c00000| PB 0x0000000619c00000| Untracked 
| 101|0x000000061a000000, 0x000000061a000000, 0x000000061a400000|  0%| F|  |TAMS 0x000000061a000000| PB 0x000000061a000000| Untracked 
| 102|0x000000061a400000, 0x000000061a400000, 0x000000061a800000|  0%| F|  |TAMS 0x000000061a400000| PB 0x000000061a400000| Untracked 
| 103|0x000000061a800000, 0x000000061a800000, 0x000000061ac00000|  0%| F|  |TAMS 0x000000061a800000| PB 0x000000061a800000| Untracked 
| 104|0x000000061ac00000, 0x000000061ac00000, 0x000000061b000000|  0%| F|  |TAMS 0x000000061ac00000| PB 0x000000061ac00000| Untracked 
| 105|0x000000061b000000, 0x000000061b000000, 0x000000061b400000|  0%| F|  |TAMS 0x000000061b000000| PB 0x000000061b000000| Untracked 
| 106|0x000000061b400000, 0x000000061b400000, 0x000000061b800000|  0%| F|  |TAMS 0x000000061b400000| PB 0x000000061b400000| Untracked 
| 107|0x000000061b800000, 0x000000061b800000, 0x000000061bc00000|  0%| F|  |TAMS 0x000000061b800000| PB 0x000000061b800000| Untracked 
| 108|0x000000061bc00000, 0x000000061bc00000, 0x000000061c000000|  0%| F|  |TAMS 0x000000061bc00000| PB 0x000000061bc00000| Untracked 
| 109|0x000000061c000000, 0x000000061c000000, 0x000000061c400000|  0%| F|  |TAMS 0x000000061c000000| PB 0x000000061c000000| Untracked 
| 110|0x000000061c400000, 0x000000061c400000, 0x000000061c800000|  0%| F|  |TAMS 0x000000061c400000| PB 0x000000061c400000| Untracked 
| 111|0x000000061c800000, 0x000000061c800000, 0x000000061cc00000|  0%| F|  |TAMS 0x000000061c800000| PB 0x000000061c800000| Untracked 
| 112|0x000000061cc00000, 0x000000061cc00000, 0x000000061d000000|  0%| F|  |TAMS 0x000000061cc00000| PB 0x000000061cc00000| Untracked 
| 113|0x000000061d000000, 0x000000061d000000, 0x000000061d400000|  0%| F|  |TAMS 0x000000061d000000| PB 0x000000061d000000| Untracked 
| 114|0x000000061d400000, 0x000000061d400000, 0x000000061d800000|  0%| F|  |TAMS 0x000000061d400000| PB 0x000000061d400000| Untracked 
| 115|0x000000061d800000, 0x000000061d800000, 0x000000061dc00000|  0%| F|  |TAMS 0x000000061d800000| PB 0x000000061d800000| Untracked 
| 116|0x000000061dc00000, 0x000000061dc00000, 0x000000061e000000|  0%| F|  |TAMS 0x000000061dc00000| PB 0x000000061dc00000| Untracked 
| 117|0x000000061e000000, 0x000000061e000000, 0x000000061e400000|  0%| F|  |TAMS 0x000000061e000000| PB 0x000000061e000000| Untracked 
| 118|0x000000061e400000, 0x000000061e400000, 0x000000061e800000|  0%| F|  |TAMS 0x000000061e400000| PB 0x000000061e400000| Untracked 
| 119|0x000000061e800000, 0x000000061e800000, 0x000000061ec00000|  0%| F|  |TAMS 0x000000061e800000| PB 0x000000061e800000| Untracked 
| 120|0x000000061ec00000, 0x000000061ec00000, 0x000000061f000000|  0%| F|  |TAMS 0x000000061ec00000| PB 0x000000061ec00000| Untracked 
| 121|0x000000061f000000, 0x000000061f000000, 0x000000061f400000|  0%| F|  |TAMS 0x000000061f000000| PB 0x000000061f000000| Untracked 
| 122|0x000000061f400000, 0x000000061f400000, 0x000000061f800000|  0%| F|  |TAMS 0x000000061f400000| PB 0x000000061f400000| Untracked 
| 123|0x000000061f800000, 0x000000061f800000, 0x000000061fc00000|  0%| F|  |TAMS 0x000000061f800000| PB 0x000000061f800000| Untracked 
| 124|0x000000061fc00000, 0x000000061fc00000, 0x0000000620000000|  0%| F|  |TAMS 0x000000061fc00000| PB 0x000000061fc00000| Untracked 
| 125|0x0000000620000000, 0x0000000620000000, 0x0000000620400000|  0%| F|  |TAMS 0x0000000620000000| PB 0x0000000620000000| Untracked 
| 126|0x0000000620400000, 0x0000000620400000, 0x0000000620800000|  0%| F|  |TAMS 0x0000000620400000| PB 0x0000000620400000| Untracked 
| 127|0x0000000620800000, 0x0000000620800000, 0x0000000620c00000|  0%| F|  |TAMS 0x0000000620800000| PB 0x0000000620800000| Untracked 
| 128|0x0000000620c00000, 0x0000000620c00000, 0x0000000621000000|  0%| F|  |TAMS 0x0000000620c00000| PB 0x0000000620c00000| Untracked 
| 129|0x0000000621000000, 0x0000000621000000, 0x0000000621400000|  0%| F|  |TAMS 0x0000000621000000| PB 0x0000000621000000| Untracked 
| 130|0x0000000621400000, 0x0000000621400000, 0x0000000621800000|  0%| F|  |TAMS 0x0000000621400000| PB 0x0000000621400000| Untracked 
| 131|0x0000000621800000, 0x0000000621800000, 0x0000000621c00000|  0%| F|  |TAMS 0x0000000621800000| PB 0x0000000621800000| Untracked 
| 132|0x0000000621c00000, 0x0000000621c00000, 0x0000000622000000|  0%| F|  |TAMS 0x0000000621c00000| PB 0x0000000621c00000| Untracked 
| 133|0x0000000622000000, 0x0000000622000000, 0x0000000622400000|  0%| F|  |TAMS 0x0000000622000000| PB 0x0000000622000000| Untracked 
| 134|0x0000000622400000, 0x0000000622400000, 0x0000000622800000|  0%| F|  |TAMS 0x0000000622400000| PB 0x0000000622400000| Untracked 
| 135|0x0000000622800000, 0x0000000622800000, 0x0000000622c00000|  0%| F|  |TAMS 0x0000000622800000| PB 0x0000000622800000| Untracked 
| 136|0x0000000622c00000, 0x0000000622c00000, 0x0000000623000000|  0%| F|  |TAMS 0x0000000622c00000| PB 0x0000000622c00000| Untracked 
| 137|0x0000000623000000, 0x0000000623000000, 0x0000000623400000|  0%| F|  |TAMS 0x0000000623000000| PB 0x0000000623000000| Untracked 
| 138|0x0000000623400000, 0x0000000623400000, 0x0000000623800000|  0%| F|  |TAMS 0x0000000623400000| PB 0x0000000623400000| Untracked 
| 139|0x0000000623800000, 0x0000000623800000, 0x0000000623c00000|  0%| F|  |TAMS 0x0000000623800000| PB 0x0000000623800000| Untracked 
| 140|0x0000000623c00000, 0x0000000623c00000, 0x0000000624000000|  0%| F|  |TAMS 0x0000000623c00000| PB 0x0000000623c00000| Untracked 
| 141|0x0000000624000000, 0x0000000624000000, 0x0000000624400000|  0%| F|  |TAMS 0x0000000624000000| PB 0x0000000624000000| Untracked 
| 142|0x0000000624400000, 0x0000000624400000, 0x0000000624800000|  0%| F|  |TAMS 0x0000000624400000| PB 0x0000000624400000| Untracked 
| 143|0x0000000624800000, 0x0000000624800000, 0x0000000624c00000|  0%| F|  |TAMS 0x0000000624800000| PB 0x0000000624800000| Untracked 
| 144|0x0000000624c00000, 0x0000000624c00000, 0x0000000625000000|  0%| F|  |TAMS 0x0000000624c00000| PB 0x0000000624c00000| Untracked 
| 145|0x0000000625000000, 0x0000000625000000, 0x0000000625400000|  0%| F|  |TAMS 0x0000000625000000| PB 0x0000000625000000| Untracked 
| 146|0x0000000625400000, 0x0000000625400000, 0x0000000625800000|  0%| F|  |TAMS 0x0000000625400000| PB 0x0000000625400000| Untracked 
| 147|0x0000000625800000, 0x0000000625800000, 0x0000000625c00000|  0%| F|  |TAMS 0x0000000625800000| PB 0x0000000625800000| Untracked 
| 148|0x0000000625c00000, 0x0000000625c00000, 0x0000000626000000|  0%| F|  |TAMS 0x0000000625c00000| PB 0x0000000625c00000| Untracked 
| 149|0x0000000626000000, 0x0000000626000000, 0x0000000626400000|  0%| F|  |TAMS 0x0000000626000000| PB 0x0000000626000000| Untracked 
| 150|0x0000000626400000, 0x0000000626400000, 0x0000000626800000|  0%| F|  |TAMS 0x0000000626400000| PB 0x0000000626400000| Untracked 
| 151|0x0000000626800000, 0x0000000626800000, 0x0000000626c00000|  0%| F|  |TAMS 0x0000000626800000| PB 0x0000000626800000| Untracked 
| 152|0x0000000626c00000, 0x0000000626c00000, 0x0000000627000000|  0%| F|  |TAMS 0x0000000626c00000| PB 0x0000000626c00000| Untracked 
| 153|0x0000000627000000, 0x0000000627000000, 0x0000000627400000|  0%| F|  |TAMS 0x0000000627000000| PB 0x0000000627000000| Untracked 
| 154|0x0000000627400000, 0x0000000627400000, 0x0000000627800000|  0%| F|  |TAMS 0x0000000627400000| PB 0x0000000627400000| Untracked 
| 155|0x0000000627800000, 0x0000000627800000, 0x0000000627c00000|  0%| F|  |TAMS 0x0000000627800000| PB 0x0000000627800000| Untracked 
| 156|0x0000000627c00000, 0x0000000627c00000, 0x0000000628000000|  0%| F|  |TAMS 0x0000000627c00000| PB 0x0000000627c00000| Untracked 
| 157|0x0000000628000000, 0x0000000628000000, 0x0000000628400000|  0%| F|  |TAMS 0x0000000628000000| PB 0x0000000628000000| Untracked 
| 158|0x0000000628400000, 0x0000000628400000, 0x0000000628800000|  0%| F|  |TAMS 0x0000000628400000| PB 0x0000000628400000| Untracked 
| 159|0x0000000628800000, 0x0000000628800000, 0x0000000628c00000|  0%| F|  |TAMS 0x0000000628800000| PB 0x0000000628800000| Untracked 
| 160|0x0000000628c00000, 0x0000000628c00000, 0x0000000629000000|  0%| F|  |TAMS 0x0000000628c00000| PB 0x0000000628c00000| Untracked 
| 161|0x0000000629000000, 0x0000000629000000, 0x0000000629400000|  0%| F|  |TAMS 0x0000000629000000| PB 0x0000000629000000| Untracked 
| 162|0x0000000629400000, 0x0000000629400000, 0x0000000629800000|  0%| F|  |TAMS 0x0000000629400000| PB 0x0000000629400000| Untracked 
| 163|0x0000000629800000, 0x0000000629800000, 0x0000000629c00000|  0%| F|  |TAMS 0x0000000629800000| PB 0x0000000629800000| Untracked 
| 164|0x0000000629c00000, 0x0000000629c00000, 0x000000062a000000|  0%| F|  |TAMS 0x0000000629c00000| PB 0x0000000629c00000| Untracked 
| 165|0x000000062a000000, 0x000000062a000000, 0x000000062a400000|  0%| F|  |TAMS 0x000000062a000000| PB 0x000000062a000000| Untracked 
| 166|0x000000062a400000, 0x000000062a400000, 0x000000062a800000|  0%| F|  |TAMS 0x000000062a400000| PB 0x000000062a400000| Untracked 
| 167|0x000000062a800000, 0x000000062a800000, 0x000000062ac00000|  0%| F|  |TAMS 0x000000062a800000| PB 0x000000062a800000| Untracked 
| 168|0x000000062ac00000, 0x000000062ac00000, 0x000000062b000000|  0%| F|  |TAMS 0x000000062ac00000| PB 0x000000062ac00000| Untracked 
| 169|0x000000062b000000, 0x000000062b000000, 0x000000062b400000|  0%| F|  |TAMS 0x000000062b000000| PB 0x000000062b000000| Untracked 
| 170|0x000000062b400000, 0x000000062b400000, 0x000000062b800000|  0%| F|  |TAMS 0x000000062b400000| PB 0x000000062b400000| Untracked 
| 171|0x000000062b800000, 0x000000062b800000, 0x000000062bc00000|  0%| F|  |TAMS 0x000000062b800000| PB 0x000000062b800000| Untracked 
| 172|0x000000062bc00000, 0x000000062bc00000, 0x000000062c000000|  0%| F|  |TAMS 0x000000062bc00000| PB 0x000000062bc00000| Untracked 
| 173|0x000000062c000000, 0x000000062c000000, 0x000000062c400000|  0%| F|  |TAMS 0x000000062c000000| PB 0x000000062c000000| Untracked 
| 174|0x000000062c400000, 0x000000062c400000, 0x000000062c800000|  0%| F|  |TAMS 0x000000062c400000| PB 0x000000062c400000| Untracked 
| 175|0x000000062c800000, 0x000000062c800000, 0x000000062cc00000|  0%| F|  |TAMS 0x000000062c800000| PB 0x000000062c800000| Untracked 
| 176|0x000000062cc00000, 0x000000062cc00000, 0x000000062d000000|  0%| F|  |TAMS 0x000000062cc00000| PB 0x000000062cc00000| Untracked 
| 177|0x000000062d000000, 0x000000062d000000, 0x000000062d400000|  0%| F|  |TAMS 0x000000062d000000| PB 0x000000062d000000| Untracked 
| 178|0x000000062d400000, 0x000000062d400000, 0x000000062d800000|  0%| F|  |TAMS 0x000000062d400000| PB 0x000000062d400000| Untracked 
| 179|0x000000062d800000, 0x000000062d800000, 0x000000062dc00000|  0%| F|  |TAMS 0x000000062d800000| PB 0x000000062d800000| Untracked 
| 180|0x000000062dc00000, 0x000000062dc00000, 0x000000062e000000|  0%| F|  |TAMS 0x000000062dc00000| PB 0x000000062dc00000| Untracked 
| 181|0x000000062e000000, 0x000000062e000000, 0x000000062e400000|  0%| F|  |TAMS 0x000000062e000000| PB 0x000000062e000000| Untracked 
| 182|0x000000062e400000, 0x000000062e400000, 0x000000062e800000|  0%| F|  |TAMS 0x000000062e400000| PB 0x000000062e400000| Untracked 
| 183|0x000000062e800000, 0x000000062e800000, 0x000000062ec00000|  0%| F|  |TAMS 0x000000062e800000| PB 0x000000062e800000| Untracked 
| 184|0x000000062ec00000, 0x000000062ec00000, 0x000000062f000000|  0%| F|  |TAMS 0x000000062ec00000| PB 0x000000062ec00000| Untracked 
| 185|0x000000062f000000, 0x000000062f000000, 0x000000062f400000|  0%| F|  |TAMS 0x000000062f000000| PB 0x000000062f000000| Untracked 
| 186|0x000000062f400000, 0x000000062f400000, 0x000000062f800000|  0%| F|  |TAMS 0x000000062f400000| PB 0x000000062f400000| Untracked 
| 187|0x000000062f800000, 0x000000062f800000, 0x000000062fc00000|  0%| F|  |TAMS 0x000000062f800000| PB 0x000000062f800000| Untracked 
| 188|0x000000062fc00000, 0x000000062fc00000, 0x0000000630000000|  0%| F|  |TAMS 0x000000062fc00000| PB 0x000000062fc00000| Untracked 
| 189|0x0000000630000000, 0x0000000630000000, 0x0000000630400000|  0%| F|  |TAMS 0x0000000630000000| PB 0x0000000630000000| Untracked 
| 190|0x0000000630400000, 0x0000000630400000, 0x0000000630800000|  0%| F|  |TAMS 0x0000000630400000| PB 0x0000000630400000| Untracked 
| 191|0x0000000630800000, 0x0000000630800000, 0x0000000630c00000|  0%| F|  |TAMS 0x0000000630800000| PB 0x0000000630800000| Untracked 
| 192|0x0000000630c00000, 0x0000000630c00000, 0x0000000631000000|  0%| F|  |TAMS 0x0000000630c00000| PB 0x0000000630c00000| Untracked 
| 193|0x0000000631000000, 0x0000000631000000, 0x0000000631400000|  0%| F|  |TAMS 0x0000000631000000| PB 0x0000000631000000| Untracked 
| 194|0x0000000631400000, 0x0000000631400000, 0x0000000631800000|  0%| F|  |TAMS 0x0000000631400000| PB 0x0000000631400000| Untracked 
| 195|0x0000000631800000, 0x0000000631800000, 0x0000000631c00000|  0%| F|  |TAMS 0x0000000631800000| PB 0x0000000631800000| Untracked 
| 196|0x0000000631c00000, 0x0000000631c00000, 0x0000000632000000|  0%| F|  |TAMS 0x0000000631c00000| PB 0x0000000631c00000| Untracked 
| 197|0x0000000632000000, 0x0000000632000000, 0x0000000632400000|  0%| F|  |TAMS 0x0000000632000000| PB 0x0000000632000000| Untracked 
| 198|0x0000000632400000, 0x0000000632400000, 0x0000000632800000|  0%| F|  |TAMS 0x0000000632400000| PB 0x0000000632400000| Untracked 
| 199|0x0000000632800000, 0x0000000632800000, 0x0000000632c00000|  0%| F|  |TAMS 0x0000000632800000| PB 0x0000000632800000| Untracked 
| 200|0x0000000632c00000, 0x0000000632c00000, 0x0000000633000000|  0%| F|  |TAMS 0x0000000632c00000| PB 0x0000000632c00000| Untracked 
| 201|0x0000000633000000, 0x0000000633000000, 0x0000000633400000|  0%| F|  |TAMS 0x0000000633000000| PB 0x0000000633000000| Untracked 
| 202|0x0000000633400000, 0x0000000633400000, 0x0000000633800000|  0%| F|  |TAMS 0x0000000633400000| PB 0x0000000633400000| Untracked 
| 203|0x0000000633800000, 0x0000000633800000, 0x0000000633c00000|  0%| F|  |TAMS 0x0000000633800000| PB 0x0000000633800000| Untracked 
| 204|0x0000000633c00000, 0x0000000633c00000, 0x0000000634000000|  0%| F|  |TAMS 0x0000000633c00000| PB 0x0000000633c00000| Untracked 
| 205|0x0000000634000000, 0x0000000634000000, 0x0000000634400000|  0%| F|  |TAMS 0x0000000634000000| PB 0x0000000634000000| Untracked 
| 206|0x0000000634400000, 0x0000000634400000, 0x0000000634800000|  0%| F|  |TAMS 0x0000000634400000| PB 0x0000000634400000| Untracked 
| 207|0x0000000634800000, 0x0000000634800000, 0x0000000634c00000|  0%| F|  |TAMS 0x0000000634800000| PB 0x0000000634800000| Untracked 
| 208|0x0000000634c00000, 0x0000000634c00000, 0x0000000635000000|  0%| F|  |TAMS 0x0000000634c00000| PB 0x0000000634c00000| Untracked 
| 209|0x0000000635000000, 0x0000000635000000, 0x0000000635400000|  0%| F|  |TAMS 0x0000000635000000| PB 0x0000000635000000| Untracked 
| 210|0x0000000635400000, 0x0000000635400000, 0x0000000635800000|  0%| F|  |TAMS 0x0000000635400000| PB 0x0000000635400000| Untracked 
| 211|0x0000000635800000, 0x0000000635800000, 0x0000000635c00000|  0%| F|  |TAMS 0x0000000635800000| PB 0x0000000635800000| Untracked 
| 212|0x0000000635c00000, 0x0000000635c00000, 0x0000000636000000|  0%| F|  |TAMS 0x0000000635c00000| PB 0x0000000635c00000| Untracked 
| 213|0x0000000636000000, 0x0000000636000000, 0x0000000636400000|  0%| F|  |TAMS 0x0000000636000000| PB 0x0000000636000000| Untracked 
| 214|0x0000000636400000, 0x0000000636400000, 0x0000000636800000|  0%| F|  |TAMS 0x0000000636400000| PB 0x0000000636400000| Untracked 
| 215|0x0000000636800000, 0x0000000636800000, 0x0000000636c00000|  0%| F|  |TAMS 0x0000000636800000| PB 0x0000000636800000| Untracked 
| 216|0x0000000636c00000, 0x0000000636c00000, 0x0000000637000000|  0%| F|  |TAMS 0x0000000636c00000| PB 0x0000000636c00000| Untracked 
| 217|0x0000000637000000, 0x0000000637000000, 0x0000000637400000|  0%| F|  |TAMS 0x0000000637000000| PB 0x0000000637000000| Untracked 
| 218|0x0000000637400000, 0x0000000637400000, 0x0000000637800000|  0%| F|  |TAMS 0x0000000637400000| PB 0x0000000637400000| Untracked 
| 219|0x0000000637800000, 0x0000000637800000, 0x0000000637c00000|  0%| F|  |TAMS 0x0000000637800000| PB 0x0000000637800000| Untracked 
| 220|0x0000000637c00000, 0x0000000637c00000, 0x0000000638000000|  0%| F|  |TAMS 0x0000000637c00000| PB 0x0000000637c00000| Untracked 
| 221|0x0000000638000000, 0x0000000638000000, 0x0000000638400000|  0%| F|  |TAMS 0x0000000638000000| PB 0x0000000638000000| Untracked 
| 222|0x0000000638400000, 0x0000000638400000, 0x0000000638800000|  0%| F|  |TAMS 0x0000000638400000| PB 0x0000000638400000| Untracked 
| 223|0x0000000638800000, 0x0000000638800000, 0x0000000638c00000|  0%| F|  |TAMS 0x0000000638800000| PB 0x0000000638800000| Untracked 
| 224|0x0000000638c00000, 0x0000000638c00000, 0x0000000639000000|  0%| F|  |TAMS 0x0000000638c00000| PB 0x0000000638c00000| Untracked 
| 225|0x0000000639000000, 0x0000000639000000, 0x0000000639400000|  0%| F|  |TAMS 0x0000000639000000| PB 0x0000000639000000| Untracked 
| 226|0x0000000639400000, 0x0000000639400000, 0x0000000639800000|  0%| F|  |TAMS 0x0000000639400000| PB 0x0000000639400000| Untracked 
| 227|0x0000000639800000, 0x0000000639800000, 0x0000000639c00000|  0%| F|  |TAMS 0x0000000639800000| PB 0x0000000639800000| Untracked 
| 228|0x0000000639c00000, 0x0000000639c00000, 0x000000063a000000|  0%| F|  |TAMS 0x0000000639c00000| PB 0x0000000639c00000| Untracked 
| 229|0x000000063a000000, 0x000000063a000000, 0x000000063a400000|  0%| F|  |TAMS 0x000000063a000000| PB 0x000000063a000000| Untracked 
| 230|0x000000063a400000, 0x000000063a400000, 0x000000063a800000|  0%| F|  |TAMS 0x000000063a400000| PB 0x000000063a400000| Untracked 
| 231|0x000000063a800000, 0x000000063a800000, 0x000000063ac00000|  0%| F|  |TAMS 0x000000063a800000| PB 0x000000063a800000| Untracked 
| 232|0x000000063ac00000, 0x000000063ac00000, 0x000000063b000000|  0%| F|  |TAMS 0x000000063ac00000| PB 0x000000063ac00000| Untracked 
| 233|0x000000063b000000, 0x000000063b000000, 0x000000063b400000|  0%| F|  |TAMS 0x000000063b000000| PB 0x000000063b000000| Untracked 
| 234|0x000000063b400000, 0x000000063b400000, 0x000000063b800000|  0%| F|  |TAMS 0x000000063b400000| PB 0x000000063b400000| Untracked 
| 235|0x000000063b800000, 0x000000063b800000, 0x000000063bc00000|  0%| F|  |TAMS 0x000000063b800000| PB 0x000000063b800000| Untracked 
| 236|0x000000063bc00000, 0x000000063bc00000, 0x000000063c000000|  0%| F|  |TAMS 0x000000063bc00000| PB 0x000000063bc00000| Untracked 
| 237|0x000000063c000000, 0x000000063c000000, 0x000000063c400000|  0%| F|  |TAMS 0x000000063c000000| PB 0x000000063c000000| Untracked 
| 238|0x000000063c400000, 0x000000063c400000, 0x000000063c800000|  0%| F|  |TAMS 0x000000063c400000| PB 0x000000063c400000| Untracked 
| 239|0x000000063c800000, 0x000000063c800000, 0x000000063cc00000|  0%| F|  |TAMS 0x000000063c800000| PB 0x000000063c800000| Untracked 
| 240|0x000000063cc00000, 0x000000063cc00000, 0x000000063d000000|  0%| F|  |TAMS 0x000000063cc00000| PB 0x000000063cc00000| Untracked 
| 241|0x000000063d000000, 0x000000063d000000, 0x000000063d400000|  0%| F|  |TAMS 0x000000063d000000| PB 0x000000063d000000| Untracked 
| 242|0x000000063d400000, 0x000000063d400000, 0x000000063d800000|  0%| F|  |TAMS 0x000000063d400000| PB 0x000000063d400000| Untracked 
| 243|0x000000063d800000, 0x000000063d800000, 0x000000063dc00000|  0%| F|  |TAMS 0x000000063d800000| PB 0x000000063d800000| Untracked 
| 244|0x000000063dc00000, 0x000000063dc00000, 0x000000063e000000|  0%| F|  |TAMS 0x000000063dc00000| PB 0x000000063dc00000| Untracked 
| 245|0x000000063e000000, 0x000000063e1b5f70, 0x000000063e400000| 42%| S|CS|TAMS 0x000000063e000000| PB 0x000000063e000000| Complete 
| 246|0x000000063e400000, 0x000000063e800000, 0x000000063e800000|100%| S|CS|TAMS 0x000000063e400000| PB 0x000000063e400000| Complete 
| 247|0x000000063e800000, 0x000000063e800000, 0x000000063ec00000|  0%| F|  |TAMS 0x000000063e800000| PB 0x000000063e800000| Untracked 
| 248|0x000000063ec00000, 0x000000063ec00000, 0x000000063f000000|  0%| F|  |TAMS 0x000000063ec00000| PB 0x000000063ec00000| Untracked 
| 249|0x000000063f000000, 0x000000063f000000, 0x000000063f400000|  0%| F|  |TAMS 0x000000063f000000| PB 0x000000063f000000| Untracked 
| 250|0x000000063f400000, 0x000000063f400000, 0x000000063f800000|  0%| F|  |TAMS 0x000000063f400000| PB 0x000000063f400000| Untracked 
| 251|0x000000063f800000, 0x000000063f800000, 0x000000063fc00000|  0%| F|  |TAMS 0x000000063f800000| PB 0x000000063f800000| Untracked 
| 252|0x000000063fc00000, 0x000000063fc00000, 0x0000000640000000|  0%| F|  |TAMS 0x000000063fc00000| PB 0x000000063fc00000| Untracked 
| 253|0x0000000640000000, 0x0000000640000000, 0x0000000640400000|  0%| F|  |TAMS 0x0000000640000000| PB 0x0000000640000000| Untracked 
| 254|0x0000000640400000, 0x0000000640400000, 0x0000000640800000|  0%| F|  |TAMS 0x0000000640400000| PB 0x0000000640400000| Untracked 
| 255|0x0000000640800000, 0x0000000640800000, 0x0000000640c00000|  0%| F|  |TAMS 0x0000000640800000| PB 0x0000000640800000| Untracked 

Card table byte_map: [0x000001eb1a3b0000,0x000001eb1b3b0000] _byte_map_base: 0x000001eb173aa000

Marking Bits: (CMBitMap*) 0x000001eb7fc37820
 Bits: [0x000001eb1b3b0000, 0x000001eb23380000)

Polling page: 0x000001eb7fc60000

Metaspace:

Usage:
  Non-class:     74.29 MB used.
      Class:      8.66 MB used.
       Both:     82.94 MB used.

Virtual space:
  Non-class space:      128.00 MB reserved,      75.31 MB ( 59%) committed,  2 nodes.
      Class space:        1.00 GB reserved,       9.44 MB ( <1%) committed,  1 nodes.
             Both:        1.12 GB reserved,      84.75 MB (  7%) committed. 

Chunk freelists:
   Non-Class:  4.29 MB
       Class:  6.67 MB
        Both:  10.96 MB

MaxMetaspaceSize: unlimited
CompressedClassSpaceSize: 1.00 GB
Initial GC threshold: 21.00 MB
Current GC threshold: 141.25 MB
CDS: on
 - commit_granule_bytes: 65536.
 - commit_granule_words: 8192.
 - virtual_space_node_default_size: 8388608.
 - enlarge_chunks_in_place: 1.
 - use_allocation_guard: 0.


Internal statistics:

num_allocs_failed_limit: 9.
num_arena_births: 1368.
num_arena_deaths: 390.
num_vsnodes_births: 3.
num_vsnodes_deaths: 0.
num_space_committed: 1356.
num_space_uncommitted: 0.
num_chunks_returned_to_freelist: 475.
num_chunks_taken_from_freelist: 5162.
num_chunk_merges: 142.
num_chunk_splits: 3230.
num_chunks_enlarged: 1804.
num_inconsistent_stats: 0.

CodeHeap 'non-profiled nmethods': size=120000Kb used=25138Kb max_used=32598Kb free=94862Kb
 bounds [0x000001eb114f0000, 0x000001eb134d0000, 0x000001eb18a20000]
CodeHeap 'profiled nmethods': size=120000Kb used=35802Kb max_used=49026Kb free=84197Kb
 bounds [0x000001eb09a20000, 0x000001eb0ca10000, 0x000001eb10f50000]
CodeHeap 'non-nmethods': size=5760Kb used=1822Kb max_used=1899Kb free=3937Kb
 bounds [0x000001eb10f50000, 0x000001eb111c0000, 0x000001eb114f0000]
 total_blobs=16012 nmethods=15192 adapters=719
 compilation: enabled
              stopped_count=0, restarted_count=0
 full_count=0

Compilation events (20 events):
Event: 781019.451 Thread 0x000001eb26159990 23583       4       sun.nio.fs.WindowsPath::getFileName (87 bytes)
Event: 781019.463 Thread 0x000001eb26159990 nmethod 23583 0x000001eb1182dc10 code [0x000001eb1182de20, 0x000001eb1182ea30]
Event: 781019.508 Thread 0x000001eb2615a430 23584       3       org.eclipse.core.internal.dtree.DeltaDataTree::hasAncestor (23 bytes)
Event: 781019.508 Thread 0x000001eb2615a430 nmethod 23584 0x000001eb09a99810 code [0x000001eb09a999c0, 0x000001eb09a99c28]
Event: 781019.530 Thread 0x000001eb2615a430 23585       1       org.eclipse.lsp4j.FileEvent::getType (5 bytes)
Event: 781019.531 Thread 0x000001eb2615a430 nmethod 23585 0x000001eb11531c10 code [0x000001eb11531da0, 0x000001eb11531e70]
Event: 781019.542 Thread 0x000001eb2615a430 23586       3       org.eclipse.core.runtime.jobs.Job::getState (5 bytes)
Event: 781019.542 Thread 0x000001eb2615a430 nmethod 23586 0x000001eb09ae1490 code [0x000001eb09ae1640, 0x000001eb09ae1780]
Event: 781019.561 Thread 0x000001eb26159990 23587       4       java.util.LinkedList::unlinkFirst (64 bytes)
Event: 781019.562 Thread 0x000001eb26159990 nmethod 23587 0x000001eb11533810 code [0x000001eb115339a0, 0x000001eb11533cd0]
Event: 781019.571 Thread 0x000001eb2615a430 23588       3       org.eclipse.core.internal.events.ResourceDeltaFactory::computeDelta (203 bytes)
Event: 781019.573 Thread 0x000001eb2615a430 nmethod 23588 0x000001eb0a603290 code [0x000001eb0a6035a0, 0x000001eb0a604438]
Event: 781019.573 Thread 0x000001eb2615a430 23589       3       org.eclipse.core.internal.dtree.DeltaDataTree::compareWith (225 bytes)
Event: 781019.576 Thread 0x000001eb2615a430 nmethod 23589 0x000001eb0a443390 code [0x000001eb0a443900, 0x000001eb0a4464f8]
Event: 781019.576 Thread 0x000001eb2615a430 23590       3       org.eclipse.core.internal.dtree.DeltaDataTree::asReverseComparisonTree (115 bytes)
Event: 781019.577 Thread 0x000001eb2615a430 nmethod 23590 0x000001eb09be3f90 code [0x000001eb09be41a0, 0x000001eb09be4ba0]
Event: 781019.609 Thread 0x000001eb26159990 23591       4       org.eclipse.core.runtime.SubMonitor::internalWorked (33 bytes)
Event: 781019.611 Thread 0x000001eb26159990 nmethod 23591 0x000001eb1155b310 code [0x000001eb1155b4e0, 0x000001eb1155b7d8]
Event: 781019.611 Thread 0x000001eb26159990 23592  s    4       org.eclipse.core.internal.watson.ElementTree::getElementData (60 bytes)
Event: 781019.613 Thread 0x000001eb26159990 nmethod 23592 0x000001eb11b26390 code [0x000001eb11b26560, 0x000001eb11b26ac0]

GC Heap History (20 events):
Event: 694.452 GC heap before
{Heap before GC invocations=21 (full 0):
 garbage-first heap   total 1048576K, used 673412K [0x0000000600c00000, 0x0000000800000000)
  region size 4096K, 153 young (626688K), 6 survivors (24576K)
 Metaspace       used 83885K, committed 85440K, reserved 1179648K
  class space    used 8908K, committed 9600K, reserved 1048576K
}
Event: 694.460 GC heap after
{Heap after GC invocations=22 (full 0):
 garbage-first heap   total 1048576K, used 77120K [0x0000000600c00000, 0x0000000800000000)
  region size 4096K, 6 young (24576K), 6 survivors (24576K)
 Metaspace       used 83885K, committed 85440K, reserved 1179648K
  class space    used 8908K, committed 9600K, reserved 1048576K
}
Event: 744.688 GC heap before
{Heap before GC invocations=22 (full 0):
 garbage-first heap   total 1048576K, used 679232K [0x0000000600c00000, 0x0000000800000000)
  region size 4096K, 153 young (626688K), 6 survivors (24576K)
 Metaspace       used 84436K, committed 85888K, reserved 1179648K
  class space    used 8938K, committed 9600K, reserved 1048576K
}
Event: 744.695 GC heap after
{Heap after GC invocations=23 (full 0):
 garbage-first heap   total 1048576K, used 78167K [0x0000000600c00000, 0x0000000800000000)
  region size 4096K, 7 young (28672K), 7 survivors (28672K)
 Metaspace       used 84436K, committed 85888K, reserved 1179648K
  class space    used 8938K, committed 9600K, reserved 1048576K
}
Event: 766.442 GC heap before
{Heap before GC invocations=23 (full 0):
 garbage-first heap   total 1048576K, used 676183K [0x0000000600c00000, 0x0000000800000000)
  region size 4096K, 153 young (626688K), 7 survivors (28672K)
 Metaspace       used 84478K, committed 86016K, reserved 1179648K
  class space    used 8940K, committed 9664K, reserved 1048576K
}
Event: 766.450 GC heap after
{Heap after GC invocations=24 (full 0):
 garbage-first heap   total 1048576K, used 75530K [0x0000000600c00000, 0x0000000800000000)
  region size 4096K, 6 young (24576K), 6 survivors (24576K)
 Metaspace       used 84478K, committed 86016K, reserved 1179648K
  class space    used 8940K, committed 9664K, reserved 1048576K
}
Event: 819.042 GC heap before
{Heap before GC invocations=24 (full 0):
 garbage-first heap   total 1048576K, used 673546K [0x0000000600c00000, 0x0000000800000000)
  region size 4096K, 153 young (626688K), 6 survivors (24576K)
 Metaspace       used 84562K, committed 86144K, reserved 1179648K
  class space    used 8940K, committed 9664K, reserved 1048576K
}
Event: 819.051 GC heap after
{Heap after GC invocations=25 (full 0):
 garbage-first heap   total 1048576K, used 77874K [0x0000000600c00000, 0x0000000800000000)
  region size 4096K, 7 young (28672K), 7 survivors (28672K)
 Metaspace       used 84562K, committed 86144K, reserved 1179648K
  class space    used 8940K, committed 9664K, reserved 1048576K
}
Event: 859.079 GC heap before
{Heap before GC invocations=25 (full 0):
 garbage-first heap   total 1048576K, used 675890K [0x0000000600c00000, 0x0000000800000000)
  region size 4096K, 153 young (626688K), 7 survivors (28672K)
 Metaspace       used 84649K, committed 86208K, reserved 1179648K
  class space    used 8943K, committed 9664K, reserved 1048576K
}
Event: 859.088 GC heap after
{Heap after GC invocations=26 (full 0):
 garbage-first heap   total 1048576K, used 77906K [0x0000000600c00000, 0x0000000800000000)
  region size 4096K, 5 young (20480K), 5 survivors (20480K)
 Metaspace       used 84649K, committed 86208K, reserved 1179648K
  class space    used 8943K, committed 9664K, reserved 1048576K
}
Event: 880.262 GC heap before
{Heap before GC invocations=26 (full 0):
 garbage-first heap   total 1048576K, used 680018K [0x0000000600c00000, 0x0000000800000000)
  region size 4096K, 153 young (626688K), 5 survivors (20480K)
 Metaspace       used 84796K, committed 86336K, reserved 1179648K
  class space    used 8946K, committed 9664K, reserved 1048576K
}
Event: 880.267 GC heap after
{Heap after GC invocations=27 (full 0):
 garbage-first heap   total 1048576K, used 77383K [0x0000000600c00000, 0x0000000800000000)
  region size 4096K, 5 young (20480K), 5 survivors (20480K)
 Metaspace       used 84796K, committed 86336K, reserved 1179648K
  class space    used 8946K, committed 9664K, reserved 1048576K
}
Event: 935.552 GC heap before
{Heap before GC invocations=27 (full 0):
 garbage-first heap   total 1048576K, used 683591K [0x0000000600c00000, 0x0000000800000000)
  region size 4096K, 153 young (626688K), 5 survivors (20480K)
 Metaspace       used 84900K, committed 86464K, reserved 1179648K
  class space    used 8958K, committed 9664K, reserved 1048576K
}
Event: 935.556 GC heap after
{Heap after GC invocations=28 (full 0):
 garbage-first heap   total 1048576K, used 80902K [0x0000000600c00000, 0x0000000800000000)
  region size 4096K, 6 young (24576K), 6 survivors (24576K)
 Metaspace       used 84900K, committed 86464K, reserved 1179648K
  class space    used 8958K, committed 9664K, reserved 1048576K
}
Event: 969.117 GC heap before
{Heap before GC invocations=28 (full 0):
 garbage-first heap   total 1048576K, used 683014K [0x0000000600c00000, 0x0000000800000000)
  region size 4096K, 153 young (626688K), 6 survivors (24576K)
 Metaspace       used 85008K, committed 86528K, reserved 1179648K
  class space    used 8959K, committed 9664K, reserved 1048576K
}
Event: 969.121 GC heap after
{Heap after GC invocations=29 (full 0):
 garbage-first heap   total 1048576K, used 79028K [0x0000000600c00000, 0x0000000800000000)
  region size 4096K, 5 young (20480K), 5 survivors (20480K)
 Metaspace       used 85008K, committed 86528K, reserved 1179648K
  class space    used 8959K, committed 9664K, reserved 1048576K
}
Event: 181796.994 GC heap before
{Heap before GC invocations=29 (full 0):
 garbage-first heap   total 1048576K, used 640180K [0x0000000600c00000, 0x0000000800000000)
  region size 4096K, 144 young (589824K), 5 survivors (20480K)
 Metaspace       used 85255K, committed 86784K, reserved 1179648K
  class space    used 8961K, committed 9664K, reserved 1048576K
}
Event: 181797.016 GC heap after
{Heap after GC invocations=30 (full 0):
 garbage-first heap   total 1048576K, used 78384K [0x0000000600c00000, 0x0000000800000000)
  region size 4096K, 5 young (20480K), 5 survivors (20480K)
 Metaspace       used 85255K, committed 86784K, reserved 1179648K
  class space    used 8961K, committed 9664K, reserved 1048576K
}
Event: 781033.692 GC heap before
{Heap before GC invocations=31 (full 0):
 garbage-first heap   total 1048576K, used 111152K [0x0000000600c00000, 0x0000000800000000)
  region size 4096K, 14 young (57344K), 5 survivors (20480K)
 Metaspace       used 84935K, committed 86784K, reserved 1179648K
  class space    used 8865K, committed 9664K, reserved 1048576K
}
Event: 781033.752 GC heap after
{Heap after GC invocations=32 (full 0):
 garbage-first heap   total 1048576K, used 78920K [0x0000000600c00000, 0x0000000800000000)
  region size 4096K, 2 young (8192K), 2 survivors (8192K)
 Metaspace       used 84935K, committed 86784K, reserved 1179648K
  class space    used 8865K, committed 9664K, reserved 1048576K
}

Dll operation events (14 events):
Event: 0.003 Loaded shared library D:\Programs\Java\21\bin\java.dll
Event: 0.022 Loaded shared library D:\Programs\Java\21\bin\jsvml.dll
Event: 0.059 Loaded shared library D:\Programs\Java\21\bin\net.dll
Event: 0.073 Loaded shared library D:\Programs\Java\21\bin\nio.dll
Event: 0.085 Loaded shared library D:\Programs\Java\21\bin\zip.dll
Event: 0.134 Loaded shared library D:\Programs\Java\21\bin\jimage.dll
Event: 2.530 Loaded shared library C:\Users\Gibbon\.cache\jdtls\config\org.eclipse.equinox.launcher\org.eclipse.equinox.launcher.win32.win32.x86_64_1.2.900.v20240213-1244\eclipse_11900.dll
Event: 4.659 Loaded shared library D:\Programs\Java\21\bin\verify.dll
Event: 5.107 Loaded shared library C:\Users\Gibbon\AppData\Local\Temp\jna-2132656673\jna10891143328911121015.dll
Event: 5.238 Loaded shared library D:\Programs\Java\21\bin\sunmscapi.dll
Event: 5.522 Loaded shared library D:\Programs\Java\21\bin\extnet.dll
Event: 9.137 Loaded shared library C:\Users\Gibbon\.gradle\native\c067742578af261105cb4f569cf0c3c89f3d7b1fecec35dd04571415982c5e48\windows-amd64\native-platform.dll
Event: 11.968 Loaded shared library D:\Programs\Java\21\bin\management.dll
Event: 11.980 Loaded shared library D:\Programs\Java\21\bin\management_ext.dll

Deoptimization events (20 events):
Event: 781019.399 Thread 0x000001eb7878ede0 Uncommon trap: trap_request=0xffffff45 fr.pc=0x000001eb12e56784 relative=0x0000000000001204
Event: 781019.399 Thread 0x000001eb7878ede0 Uncommon trap: reason=unstable_if action=reinterpret pc=0x000001eb12e56784 method=org.eclipse.core.internal.jobs.JobManager.changeState(Lorg/eclipse/core/internal/jobs/InternalJob;I)V @ 278 c2
Event: 781019.399 Thread 0x000001eb7878ede0 DEOPT PACKING pc=0x000001eb12e56784 sp=0x0000007b34fff1f0
Event: 781019.400 Thread 0x000001eb7878ede0 DEOPT UNPACKING pc=0x000001eb10fa46a2 sp=0x0000007b34fff1a0 mode 2
Event: 781019.400 Thread 0x000001eb6c484e20 Uncommon trap: trap_request=0xffffff3d fr.pc=0x000001eb11db59d0 relative=0x00000000000000b0
Event: 781019.400 Thread 0x000001eb6c484e20 Uncommon trap: reason=unstable_fused_if action=reinterpret pc=0x000001eb11db59d0 method=org.eclipse.core.internal.jobs.InternalJob.getState()I @ 10 c2
Event: 781019.400 Thread 0x000001eb6c484e20 DEOPT PACKING pc=0x000001eb11db59d0 sp=0x0000007b381fe6f0
Event: 781019.400 Thread 0x000001eb6c484e20 DEOPT UNPACKING pc=0x000001eb10fa46a2 sp=0x0000007b381fe628 mode 2
Event: 781019.402 Thread 0x000001eb6c484e20 Uncommon trap: trap_request=0xffffff45 fr.pc=0x000001eb116a1ed8 relative=0x0000000000000f98
Event: 781019.402 Thread 0x000001eb6c484e20 Uncommon trap: reason=unstable_if action=reinterpret pc=0x000001eb116a1ed8 method=org.eclipse.core.internal.watson.ElementTree.getElementData(Lorg/eclipse/core/runtime/IPath;)Ljava/lang/Object; @ 17 c2
Event: 781019.402 Thread 0x000001eb6c484e20 DEOPT PACKING pc=0x000001eb116a1ed8 sp=0x0000007b381feb60
Event: 781019.402 Thread 0x000001eb6c484e20 DEOPT UNPACKING pc=0x000001eb10fa46a2 sp=0x0000007b381feac8 mode 2
Event: 781019.529 Thread 0x000001eb6c484e20 Uncommon trap: trap_request=0xffffff3d fr.pc=0x000001eb11861150 relative=0x00000000000000b0
Event: 781019.529 Thread 0x000001eb6c484e20 Uncommon trap: reason=unstable_fused_if action=reinterpret pc=0x000001eb11861150 method=org.eclipse.core.internal.jobs.InternalJob.getState()I @ 10 c2
Event: 781019.529 Thread 0x000001eb6c484e20 DEOPT PACKING pc=0x000001eb11861150 sp=0x0000007b381fe690
Event: 781019.529 Thread 0x000001eb6c484e20 DEOPT UNPACKING pc=0x000001eb10fa46a2 sp=0x0000007b381fe628 mode 2
Event: 781033.690 Thread 0x000001eb6c486ef0 Uncommon trap: trap_request=0xffffff3d fr.pc=0x000001eb1211b810 relative=0x00000000000055f0
Event: 781033.690 Thread 0x000001eb6c486ef0 Uncommon trap: reason=unstable_fused_if action=reinterpret pc=0x000001eb1211b810 method=org.eclipse.jdt.internal.compiler.util.HashtableOfObject.<init>(I)V @ 47 c2
Event: 781033.690 Thread 0x000001eb6c486ef0 DEOPT PACKING pc=0x000001eb1211b810 sp=0x0000007b37bfefb0
Event: 781033.691 Thread 0x000001eb6c486ef0 DEOPT UNPACKING pc=0x000001eb10fa46a2 sp=0x0000007b37bfef20 mode 2

Classes loaded (20 events):
Event: 305.423 Loading class java/util/stream/Nodes$ToArrayTask done
Event: 305.423 Loading class java/util/stream/Nodes$ToArrayTask$OfRef done
Event: 305.424 Loading class java/io/ObjectOutputStream$BlockDataOutputStream
Event: 305.424 Loading class java/io/ObjectOutputStream$BlockDataOutputStream done
Event: 305.424 Loading class java/io/ObjectOutputStream$HandleTable
Event: 305.424 Loading class java/io/ObjectOutputStream$HandleTable done
Event: 305.424 Loading class java/io/ObjectOutputStream$ReplaceTable
Event: 305.424 Loading class java/io/ObjectOutputStream$ReplaceTable done
Event: 672.806 Loading class java/util/concurrent/CompletableFuture$Signaller
Event: 672.807 Loading class java/util/concurrent/CompletableFuture$Signaller done
Event: 674.104 Loading class java/util/AbstractList$SubList
Event: 674.104 Loading class java/util/AbstractList$SubList done
Event: 845.147 Loading class java/util/DualPivotQuicksort$Sorter
Event: 845.148 Loading class java/util/DualPivotQuicksort$Sorter done
Event: 980.644 Loading class java/util/concurrent/ConcurrentHashMap$TreeNode
Event: 980.645 Loading class java/util/concurrent/ConcurrentHashMap$TreeNode done
Event: 980.645 Loading class java/util/concurrent/ConcurrentHashMap$TreeBin
Event: 980.645 Loading class java/util/concurrent/ConcurrentHashMap$TreeBin done
Event: 408918.977 Loading class jdk/internal/access/JavaAWTAccess
Event: 408918.982 Loading class jdk/internal/access/JavaAWTAccess done

Classes unloaded (20 events):
Event: 181797.054 Thread 0x000001eb25813df0 Unloading class 0x000001eb28107c00 'java/lang/invoke/LambdaForm$MH+0x000001eb28107c00'
Event: 181797.054 Thread 0x000001eb25813df0 Unloading class 0x000001eb28107800 'java/lang/invoke/LambdaForm$MH+0x000001eb28107800'
Event: 181797.054 Thread 0x000001eb25813df0 Unloading class 0x000001eb28107400 'java/lang/invoke/LambdaForm$MH+0x000001eb28107400'
Event: 181797.054 Thread 0x000001eb25813df0 Unloading class 0x000001eb28106c00 'java/lang/invoke/LambdaForm$MH+0x000001eb28106c00'
Event: 181797.054 Thread 0x000001eb25813df0 Unloading class 0x000001eb28105c00 'java/lang/invoke/LambdaForm$MH+0x000001eb28105c00'
Event: 181797.054 Thread 0x000001eb25813df0 Unloading class 0x000001eb28095400 'java/lang/invoke/LambdaForm$MH+0x000001eb28095400'
Event: 181797.055 Thread 0x000001eb25813df0 Unloading class 0x000001eb28095000 'java/lang/invoke/LambdaForm$MH+0x000001eb28095000'
Event: 181797.055 Thread 0x000001eb25813df0 Unloading class 0x000001eb28094c00 'java/lang/invoke/LambdaForm$MH+0x000001eb28094c00'
Event: 181797.055 Thread 0x000001eb25813df0 Unloading class 0x000001eb28080400 'java/lang/invoke/LambdaForm$MH+0x000001eb28080400'
Event: 181797.055 Thread 0x000001eb25813df0 Unloading class 0x000001eb28080000 'java/lang/invoke/LambdaForm$MH+0x000001eb28080000'
Event: 181797.055 Thread 0x000001eb25813df0 Unloading class 0x000001eb2801fc00 'java/lang/invoke/LambdaForm$MH+0x000001eb2801fc00'
Event: 181797.055 Thread 0x000001eb25813df0 Unloading class 0x000001eb2801e400 'java/lang/invoke/LambdaForm$MH+0x000001eb2801e400'
Event: 181797.055 Thread 0x000001eb25813df0 Unloading class 0x000001eb2801d000 'java/lang/invoke/LambdaForm$MH+0x000001eb2801d000'
Event: 181797.055 Thread 0x000001eb25813df0 Unloading class 0x000001eb2801cc00 'java/lang/invoke/LambdaForm$MH+0x000001eb2801cc00'
Event: 181797.055 Thread 0x000001eb25813df0 Unloading class 0x000001eb2801c800 'java/lang/invoke/LambdaForm$MH+0x000001eb2801c800'
Event: 181797.055 Thread 0x000001eb25813df0 Unloading class 0x000001eb2800b800 'java/lang/invoke/LambdaForm$MH+0x000001eb2800b800'
Event: 181797.055 Thread 0x000001eb25813df0 Unloading class 0x000001eb2800b400 'java/lang/invoke/LambdaForm$MH+0x000001eb2800b400'
Event: 181797.055 Thread 0x000001eb25813df0 Unloading class 0x000001eb28007400 'java/lang/invoke/LambdaForm$MH+0x000001eb28007400'
Event: 181797.055 Thread 0x000001eb25813df0 Unloading class 0x000001eb28007000 'java/lang/invoke/LambdaForm$MH+0x000001eb28007000'
Event: 181797.055 Thread 0x000001eb25813df0 Unloading class 0x000001eb28001c00 'java/lang/invoke/LambdaForm$MH+0x000001eb28001c00'

Classes redefined (0 events):
No events

Internal exceptions (20 events):
Event: 1075.894 Thread 0x000001eb267422a0 Implicit null exception at 0x000001eb13212942 to 0x000001eb13217460
Event: 1079.253 Thread 0x000001eb6c486ef0 Exception <a 'java/io/FileNotFoundException'{0x000000062c8ff7c8}> (0x000000062c8ff7c8) 
thrown [s\src\hotspot\share\prims\jni.cpp, line 520]
Event: 1079.254 Thread 0x000001eb6c486ef0 Exception <a 'java/io/FileNotFoundException'{0x000000062c90ec20}> (0x000000062c90ec20) 
thrown [s\src\hotspot\share\prims\jni.cpp, line 520]
Event: 1079.255 Thread 0x000001eb6c486ef0 Exception <a 'java/io/FileNotFoundException'{0x00000006217ae290}> (0x00000006217ae290) 
thrown [s\src\hotspot\share\prims\jni.cpp, line 520]
Event: 1120.162 Thread 0x000001eb6c486ef0 Exception <a 'java/io/FileNotFoundException'{0x00000006217aeaa8}> (0x00000006217aeaa8) 
thrown [s\src\hotspot\share\prims\jni.cpp, line 520]
Event: 1120.162 Thread 0x000001eb6c486ef0 Exception <a 'java/io/FileNotFoundException'{0x000000061ff0b0f8}> (0x000000061ff0b0f8) 
thrown [s\src\hotspot\share\prims\jni.cpp, line 520]
Event: 1120.164 Thread 0x000001eb6c486ef0 Exception <a 'java/io/FileNotFoundException'{0x000000061ff38b98}> (0x000000061ff38b98) 
thrown [s\src\hotspot\share\prims\jni.cpp, line 520]
Event: 1170.271 Thread 0x000001eb6c486ef0 Exception <a 'java/io/FileNotFoundException'{0x000000061ff393b0}> (0x000000061ff393b0) 
thrown [s\src\hotspot\share\prims\jni.cpp, line 520]
Event: 1170.271 Thread 0x000001eb6c486ef0 Exception <a 'java/io/FileNotFoundException'{0x000000061f2999a8}> (0x000000061f2999a8) 
thrown [s\src\hotspot\share\prims\jni.cpp, line 520]
Event: 1170.272 Thread 0x000001eb6c486ef0 Exception <a 'java/io/FileNotFoundException'{0x000000061f2c66d0}> (0x000000061f2c66d0) 
thrown [s\src\hotspot\share\prims\jni.cpp, line 520]
Event: 70939.795 Thread 0x000001eb6c484e20 Implicit null exception at 0x000001eb11676db6 to 0x000001eb11676e75
Event: 781017.109 Thread 0x000001eb6c484e20 Implicit null exception at 0x000001eb117fe9bc to 0x000001eb118023c8
Event: 781017.112 Thread 0x000001eb6c484e20 Implicit null exception at 0x000001eb12016814 to 0x000001eb12017ae4
Event: 781017.273 Thread 0x000001eb6c486ef0 Exception <a 'java/io/FileNotFoundException'{0x000000063fa87908}> (0x000000063fa87908) 
thrown [s\src\hotspot\share\prims\jni.cpp, line 520]
Event: 781017.352 Thread 0x000001eb6c486ef0 Implicit null exception at 0x000001eb11de302e to 0x000001eb11de3760
Event: 781017.373 Thread 0x000001eb6c486ef0 Implicit null exception at 0x000001eb117d2493 to 0x000001eb117d258d
Event: 781017.394 Thread 0x000001eb6c486ef0 Exception <a 'java/io/FileNotFoundException'{0x000000063fba1ae0}> (0x000000063fba1ae0) 
thrown [s\src\hotspot\share\prims\jni.cpp, line 520]
Event: 781017.420 Thread 0x000001eb6c486ef0 Exception <a 'java/io/FileNotFoundException'{0x000000063fbb6640}> (0x000000063fbb6640) 
thrown [s\src\hotspot\share\prims\jni.cpp, line 520]
Event: 781019.402 Thread 0x000001eb6c484e20 Implicit null exception at 0x000001eb116a14d4 to 0x000001eb116a1eb8
Event: 781033.675 Thread 0x000001eb6c486ef0 Exception <a 'sun/nio/fs/WindowsException'{0x000000063fbbe910}> (0x000000063fbbe910) 
thrown [s\src\hotspot\share\prims\jni.cpp, line 520]

ZGC Phase Switch (0 events):
No events

VM Operations (20 events):
Event: 779528.504 Executing VM operation: HandshakeAllThreads (HandshakeForDeflation) done
Event: 779528.504 Executing VM operation: RendezvousGCThreads
Event: 779528.504 Executing VM operation: RendezvousGCThreads done
Event: 780429.917 Executing VM operation: HandshakeAllThreads (HandshakeForDeflation)
Event: 780429.917 Executing VM operation: HandshakeAllThreads (HandshakeForDeflation) done
Event: 780429.917 Executing VM operation: RendezvousGCThreads
Event: 780429.917 Executing VM operation: RendezvousGCThreads done
Event: 781000.397 Executing VM operation: Cleanup
Event: 781000.397 Executing VM operation: Cleanup done
Event: 781017.436 Executing VM operation: Cleanup
Event: 781017.436 Executing VM operation: Cleanup done
Event: 781019.446 Executing VM operation: Cleanup
Event: 781019.446 Executing VM operation: Cleanup done
Event: 781020.456 Executing VM operation: Cleanup
Event: 781020.456 Executing VM operation: Cleanup done
Event: 781030.857 Executing VM operation: HandshakeAllThreads (HandshakeForDeflation)
Event: 781030.857 Executing VM operation: HandshakeAllThreads (HandshakeForDeflation) done
Event: 781030.857 Executing VM operation: RendezvousGCThreads
Event: 781030.857 Executing VM operation: RendezvousGCThreads done
Event: 781033.691 Executing VM operation: G1CollectForAllocation (G1 Humongous Allocation)

Events (20 events):
Event: 181797.175 Thread 0x000001eb25813df0 flushing nmethod 0x000001eb11509e90
Event: 181797.175 Thread 0x000001eb25813df0 flushing nmethod 0x000001eb11508b10
Event: 181797.175 Thread 0x000001eb25813df0 flushing nmethod 0x000001eb11507c10
Event: 181797.175 Thread 0x000001eb25813df0 flushing nmethod 0x000001eb11507310
Event: 181797.175 Thread 0x000001eb25813df0 flushing nmethod 0x000001eb11504210
Event: 181797.175 Thread 0x000001eb25813df0 flushing nmethod 0x000001eb11503f10
Event: 181797.175 Thread 0x000001eb25813df0 flushing nmethod 0x000001eb11503c10
Event: 181797.175 Thread 0x000001eb25813df0 flushing nmethod 0x000001eb11503910
Event: 181797.175 Thread 0x000001eb25813df0 flushing nmethod 0x000001eb11506c10
Event: 181797.175 Thread 0x000001eb25813df0 flushing nmethod 0x000001eb114f8510
Event: 181797.175 Thread 0x000001eb25813df0 flushing nmethod 0x000001eb114f7e90
Event: 181797.175 Thread 0x000001eb25813df0 flushing nmethod 0x000001eb114ffc90
Event: 181797.175 Thread 0x000001eb25813df0 flushing nmethod 0x000001eb114fbf90
Event: 181797.175 Thread 0x000001eb25813df0 flushing nmethod 0x000001eb114f0a10
Event: 336029.942 Thread 0x000001eb78791540 Thread added: 0x000001eb78791540
Event: 336029.951 Thread 0x000001eb6c488930 Thread exited: 0x000001eb6c488930
Event: 513904.443 Thread 0x000001eb7878cd10 Thread added: 0x000001eb7878cd10
Event: 513964.443 Thread 0x000001eb78791540 Thread exited: 0x000001eb78791540
Event: 584261.862 Thread 0x000001eb7878ede0 Thread added: 0x000001eb7878ede0
Event: 584261.864 Thread 0x000001eb6c485b40 Thread exited: 0x000001eb6c485b40


Dynamic libraries:
0x00007ff60c270000 - 0x00007ff60c27e000 	D:\Programs\Java\21\bin\java.exe
0x00007ffe669d0000 - 0x00007ffe66bc8000 	C:\WINDOWS\SYSTEM32\ntdll.dll
0x00007ffe65c10000 - 0x00007ffe65ccd000 	C:\WINDOWS\System32\KERNEL32.DLL
0x00007ffe644c0000 - 0x00007ffe647b6000 	C:\WINDOWS\System32\KERNELBASE.dll
0x00007ffe64910000 - 0x00007ffe64a10000 	C:\WINDOWS\System32\ucrtbase.dll
0x00007ffe148e0000 - 0x00007ffe148f8000 	D:\Programs\Java\21\bin\jli.dll
0x00007ffe148c0000 - 0x00007ffe148db000 	D:\Programs\Java\21\bin\VCRUNTIME140.dll
0x00007ffe65150000 - 0x00007ffe652ef000 	C:\WINDOWS\System32\USER32.dll
0x00007ffe528e0000 - 0x00007ffe52b7a000 	C:\WINDOWS\WinSxS\amd64_microsoft.windows.common-controls_6595b64144ccf1df_6.0.19041.4355_none_60b8b9eb71f62e16\COMCTL32.dll
0x00007ffe647c0000 - 0x00007ffe647e2000 	C:\WINDOWS\System32\win32u.dll
0x00007ffe65ce0000 - 0x00007ffe65d7e000 	C:\WINDOWS\System32\msvcrt.dll
0x00007ffe666d0000 - 0x00007ffe666fb000 	C:\WINDOWS\System32\GDI32.dll
0x00007ffe64310000 - 0x00007ffe64427000 	C:\WINDOWS\System32\gdi32full.dll
0x00007ffe64240000 - 0x00007ffe642dd000 	C:\WINDOWS\System32\msvcp_win.dll
0x00007ffe660f0000 - 0x00007ffe6611f000 	C:\WINDOWS\System32\IMM32.DLL
0x00007ffe44e50000 - 0x00007ffe44e5c000 	D:\Programs\Java\21\bin\vcruntime140_1.dll
0x00007ffdd08e0000 - 0x00007ffdd096e000 	D:\Programs\Java\21\bin\msvcp140.dll
0x00007ffdafe80000 - 0x00007ffdb0c03000 	D:\Programs\Java\21\bin\server\jvm.dll
0x00007ffe66830000 - 0x00007ffe668e0000 	C:\WINDOWS\System32\ADVAPI32.dll
0x00007ffe64eb0000 - 0x00007ffe64f50000 	C:\WINDOWS\System32\sechost.dll
0x00007ffe64f50000 - 0x00007ffe65073000 	C:\WINDOWS\System32\RPCRT4.dll
0x00007ffe642e0000 - 0x00007ffe64307000 	C:\WINDOWS\System32\bcrypt.dll
0x00007ffe65080000 - 0x00007ffe650eb000 	C:\WINDOWS\System32\WS2_32.dll
0x00007ffe635c0000 - 0x00007ffe6360b000 	C:\WINDOWS\SYSTEM32\POWRPROF.dll
0x00007ffe5bac0000 - 0x00007ffe5baca000 	C:\WINDOWS\SYSTEM32\VERSION.dll
0x00007ffe54580000 - 0x00007ffe545a7000 	C:\WINDOWS\SYSTEM32\WINMM.dll
0x00007ffe63480000 - 0x00007ffe63492000 	C:\WINDOWS\SYSTEM32\UMPDC.dll
0x00007ffe61f30000 - 0x00007ffe61f42000 	C:\WINDOWS\SYSTEM32\kernel.appcore.dll
0x00007ffe44de0000 - 0x00007ffe44dea000 	D:\Programs\Java\21\bin\jimage.dll
0x00007ffe53c40000 - 0x00007ffe53e24000 	C:\WINDOWS\SYSTEM32\DBGHELP.DLL
0x00007ffe44b60000 - 0x00007ffe44b94000 	C:\WINDOWS\SYSTEM32\dbgcore.DLL
0x00007ffe64430000 - 0x00007ffe644b2000 	C:\WINDOWS\System32\bcryptPrimitives.dll
0x00007ffe14870000 - 0x00007ffe1488f000 	D:\Programs\Java\21\bin\java.dll
0x00007ffe652f0000 - 0x00007ffe65a5c000 	C:\WINDOWS\System32\SHELL32.dll
0x00007ffe62130000 - 0x00007ffe628cd000 	C:\WINDOWS\SYSTEM32\windows.storage.dll
0x00007ffe64a10000 - 0x00007ffe64d63000 	C:\WINDOWS\System32\combase.dll
0x00007ffe63ab0000 - 0x00007ffe63ade000 	C:\WINDOWS\SYSTEM32\Wldp.dll
0x00007ffe65f20000 - 0x00007ffe65fed000 	C:\WINDOWS\System32\OLEAUT32.dll
0x00007ffe668e0000 - 0x00007ffe6698d000 	C:\WINDOWS\System32\SHCORE.dll
0x00007ffe65d80000 - 0x00007ffe65dd5000 	C:\WINDOWS\System32\shlwapi.dll
0x00007ffe63fc0000 - 0x00007ffe63fe4000 	C:\WINDOWS\SYSTEM32\profapi.dll
0x00007ffdcae50000 - 0x00007ffdcaf27000 	D:\Programs\Java\21\bin\jsvml.dll
0x00007ffe412d0000 - 0x00007ffe412e0000 	D:\Programs\Java\21\bin\net.dll
0x00007ffe5f950000 - 0x00007ffe5fa5a000 	C:\WINDOWS\SYSTEM32\WINHTTP.dll
0x00007ffe63810000 - 0x00007ffe6387a000 	C:\WINDOWS\system32\mswsock.dll
0x00007ffdeb6f0000 - 0x00007ffdeb706000 	D:\Programs\Java\21\bin\nio.dll
0x00007ffdeb6a0000 - 0x00007ffdeb6b8000 	D:\Programs\Java\21\bin\zip.dll
0x00007ffe45520000 - 0x00007ffe4555e000 	C:\Users\Gibbon\.cache\jdtls\config\org.eclipse.equinox.launcher\org.eclipse.equinox.launcher.win32.win32.x86_64_1.2.900.v20240213-1244\eclipse_11900.dll
0x00007ffe66700000 - 0x00007ffe6682b000 	C:\WINDOWS\System32\ole32.dll
0x00007ffe3fc50000 - 0x00007ffe3fc60000 	D:\Programs\Java\21\bin\verify.dll
0x00007ffe63a00000 - 0x00007ffe63a18000 	C:\WINDOWS\SYSTEM32\CRYPTSP.dll
0x00007ffe630c0000 - 0x00007ffe630f4000 	C:\WINDOWS\system32\rsaenh.dll
0x00007ffe63f30000 - 0x00007ffe63f5e000 	C:\WINDOWS\SYSTEM32\USERENV.dll
0x00007ffe63a20000 - 0x00007ffe63a2c000 	C:\WINDOWS\SYSTEM32\CRYPTBASE.dll
0x00007ffe634a0000 - 0x00007ffe634db000 	C:\WINDOWS\SYSTEM32\IPHLPAPI.DLL
0x00007ffe660d0000 - 0x00007ffe660d8000 	C:\WINDOWS\System32\NSI.dll
0x00007ffe58b60000 - 0x00007ffe58ba5000 	C:\Users\Gibbon\AppData\Local\Temp\jna-2132656673\jna10891143328911121015.dll
0x00007ffe65cd0000 - 0x00007ffe65cd8000 	C:\WINDOWS\System32\PSAPI.DLL
0x00007ffe60e80000 - 0x00007ffe60e97000 	C:\WINDOWS\SYSTEM32\dhcpcsvc6.DLL
0x00007ffe60e30000 - 0x00007ffe60e4d000 	C:\WINDOWS\SYSTEM32\dhcpcsvc.DLL
0x00007ffe3fbd0000 - 0x00007ffe3fbde000 	D:\Programs\Java\21\bin\sunmscapi.dll
0x00007ffe64090000 - 0x00007ffe641ee000 	C:\WINDOWS\System32\CRYPT32.dll
0x00007ffe63b20000 - 0x00007ffe63b49000 	C:\WINDOWS\SYSTEM32\ncrypt.dll
0x00007ffe63ae0000 - 0x00007ffe63b1b000 	C:\WINDOWS\SYSTEM32\NTASN1.dll
0x00007ffe634f0000 - 0x00007ffe635ba000 	C:\WINDOWS\SYSTEM32\DNSAPI.dll
0x00007ffe5ba70000 - 0x00007ffe5ba7a000 	C:\Windows\System32\rasadhlp.dll
0x00007ffe4f140000 - 0x00007ffe4f1c0000 	C:\WINDOWS\System32\fwpuclnt.dll
0x00007ffe3faa0000 - 0x00007ffe3faa9000 	D:\Programs\Java\21\bin\extnet.dll
0x00007ffdea550000 - 0x00007ffdea577000 	C:\Users\Gibbon\.gradle\native\c067742578af261105cb4f569cf0c3c89f3d7b1fecec35dd04571415982c5e48\windows-amd64\native-platform.dll
0x00007ffe3eb90000 - 0x00007ffe3eb9a000 	D:\Programs\Java\21\bin\management.dll
0x00007ffe3da20000 - 0x00007ffe3da2b000 	D:\Programs\Java\21\bin\management_ext.dll
0x00007ffe23890000 - 0x00007ffe23897000 	C:\WINDOWS\system32\wshunix.dll

dbghelp: loaded successfully - version: 4.0.5 - missing functions: none
symbol engine: initialized successfully - sym options: 0x614 - pdb path: .;D:\Programs\Java\21\bin;C:\WINDOWS\SYSTEM32;C:\WINDOWS\WinSxS\amd64_microsoft.windows.common-controls_6595b64144ccf1df_6.0.19041.4355_none_60b8b9eb71f62e16;D:\Programs\Java\21\bin\server;C:\Users\Gibbon\.cache\jdtls\config\org.eclipse.equinox.launcher\org.eclipse.equinox.launcher.win32.win32.x86_64_1.2.900.v20240213-1244;C:\Users\Gibbon\AppData\Local\Temp\jna-2132656673;C:\Users\Gibbon\.gradle\native\c067742578af261105cb4f569cf0c3c89f3d7b1fecec35dd04571415982c5e48\windows-amd64

VM Arguments:
jvm_args: -Declipse.application=org.eclipse.jdt.ls.core.id1 -Dosgi.bundles.defaultStartLevel=4 -Declipse.product=org.eclipse.jdt.ls.core.product -Dosgi.checkConfiguration=true -Dosgi.sharedConfiguration.area=C:\Users\Gibbon\AppData\Local\nvim-data\mason\packages\jdtls\config_win -Dosgi.sharedConfiguration.area.readOnly=true -Dosgi.configuration.cascaded=true -Xms1G --add-modules=ALL-SYSTEM --add-opens=java.base/java.util=ALL-UNNAMED --add-opens=java.base/java.lang=ALL-UNNAMED 
java_command: C:\Users\Gibbon\AppData\Local\nvim-data\mason\packages\jdtls\plugins\org.eclipse.equinox.launcher_1.6.800.v20240330-1250.jar -data C:\Users\Gibbon/.cache/jdtls/workspace -configuration C:\Users\Gibbon/.cache/jdtls/config
java_class_path (initial): C:\Users\Gibbon\AppData\Local\nvim-data\mason\packages\jdtls\plugins\org.eclipse.equinox.launcher_1.6.800.v20240330-1250.jar
Launcher Type: SUN_STANDARD

[Global flags]
     intx CICompilerCount                          = 4                                         {product} {ergonomic}
     uint ConcGCThreads                            = 3                                         {product} {ergonomic}
     uint G1ConcRefinementThreads                  = 10                                        {product} {ergonomic}
   size_t G1HeapRegionSize                         = 4194304                                   {product} {ergonomic}
    uintx GCDrainStackTargetSize                   = 64                                        {product} {ergonomic}
   size_t InitialHeapSize                          = 1073741824                                {product} {command line}
   size_t MarkStackSize                            = 4194304                                   {product} {ergonomic}
   size_t MaxHeapSize                              = 8577351680                                {product} {ergonomic}
   size_t MaxNewSize                               = 5146411008                                {product} {ergonomic}
   size_t MinHeapDeltaBytes                        = 4194304                                   {product} {ergonomic}
   size_t MinHeapSize                              = 1073741824                                {product} {command line}
    uintx NonNMethodCodeHeapSize                   = 5839372                                {pd product} {ergonomic}
    uintx NonProfiledCodeHeapSize                  = 122909434                              {pd product} {ergonomic}
    uintx ProfiledCodeHeapSize                     = 122909434                              {pd product} {ergonomic}
    uintx ReservedCodeCacheSize                    = 251658240                              {pd product} {ergonomic}
     bool SegmentedCodeCache                       = true                                      {product} {ergonomic}
   size_t SoftMaxHeapSize                          = 8577351680                             {manageable} {ergonomic}
     bool UseCompressedOops                        = true                           {product lp64_product} {ergonomic}
     bool UseG1GC                                  = true                                      {product} {ergonomic}
     bool UseLargePagesIndividualAllocation        = false                                  {pd product} {ergonomic}

Logging:
Log output configuration:
 #0: stdout all=warning uptime,level,tags foldmultilines=false
 #1: stderr all=off uptime,level,tags foldmultilines=false

Environment Variables:
JAVA_HOME=D:\Programs\Java\21\
PATH=C:\Users\Gibbon\AppData\Local\nvim-data\mason\bin;C:\Program Files\PowerShell\7;C:\VulkanSDK\1.3.280.0\Bin;D:\Programs\Java\21\bin;C:\WINDOWS\system32;C:\WINDOWS;C:\WINDOWS\System32\Wbem;C:\WINDOWS\System32\WindowsPowerShell\v1.0\;C:\WINDOWS\System32\OpenSSH\;C:\Program Files\WezTerm;C:\Program Files\starship\bin\;C:\Program Files\dotnet\;C:\Program Files\Git\cmd;C:\Program Files (x86)\Windows Kits\10\Windows Performance Toolkit\;C:\Program Files\CMake\bin;C:\Program Files\nodejs\;D:\dev\llvm\bin;C:\Program Files\playit_gg\bin\;C:\Program Files\PowerShell\7\;C:\Program Files (x86)\NVIDIA Corporation\PhysX\Common;C:\Users\Gibbon\.cargo\bin;C:\Users\Gibbon\scoop\shims;C:\Users\Gibbon\AppData\Local\Programs\Python\Python310\Scripts\;C:\Users\Gibbon\AppData\Local\Programs\Python\Python310\;D:\dev\libuv-1.48.0\build\Release;C:\ProgramData\chocolatey\bin;C:\Users\Gibbon\AppData\Local\Programs\Microsoft VS Code\bin;C:\Program Files\Neovim\bin;C:\Users\Gibbon\.dotnet\tools;C:\Users\Gibbon\AppData\Local\Microsoft\WinGet\Packages\lsd-rs.lsd_Microsoft.Winget.Source_8wekyb3d8bbwe\lsd-v1.0.0-x86_64-pc-windows-msvc;C:\Users\Gibbon;C:\Users\Gibbon\AppData\Local\Microsoft\WindowsApps;C:\Users\Gibbon\AppData\Roaming\npm;C:\Users\Gibbon\AppData\Local\Programs\LuaJIT\bin;C:\Users\Gibbon\AppData\Local\Microsoft\WinGet\Packages\mbuilov.sed_Microsoft.Winget.Source_8wekyb3d8bbwe;C:\Users\Gibbon\AppData\Local\Microsoft\WinGet\Packages\sharkdp.fd_Microsoft.Winget.Source_8wekyb3d8bbwe\fd-v9.0.0-x86_64-pc-windows-msvc;C:\Users\Gibbon\AppData\Local\Microsoft\WinGet\Packages\bloodrock.pkg-config-lite_Microsoft.Winget.Source_8wekyb3d8bbwe\pkg-config-lite-0.28-1\bin;C:\Users\Gibbon\AppData\Local\Microsoft\WinGet\Packages\ajeetdsouza.zoxide_Microsoft.Winget.Source_8wekyb3d8bbwe;C:\Users\Gibbon\AppData\Local\Microsoft\WinGet\Packages\junegunn.fzf_Microsoft.Winget.Source_8wekyb3d8bbwe;D:\dev\odin;C:\Users\Gibbon\AppData\Local\Microsoft\WinGet\Packages\AlDanial.Cloc_Microsoft.Winget.Source_8wekyb3d8bbwe;C:\Program Files\Neovim\bin;C:\Program Files\Neovim\bin
USERNAME=Gibbon
TERM=xterm-256color
OS=Windows_NT
PROCESSOR_IDENTIFIER=AMD64 Family 25 Model 33 Stepping 0, AuthenticAMD
TMP=C:\Users\Gibbon\AppData\Local\Temp
TEMP=C:\Users\Gibbon\AppData\Local\Temp




Periodic native trim disabled

---------------  S Y S T E M  ---------------

OS:
 Windows 10 , 64 bit Build 19041 (10.0.19041.3636)
OS uptime: 13 days 7:33 hours

CPU: total 12 (initial active 12) (12 cores per cpu, 2 threads per core) family 25 model 33 stepping 0 microcode 0x0, cx8, cmov, fxsr, ht, mmx, 3dnowpref, sse, sse2, sse3, ssse3, sse4a, sse4.1, sse4.2, popcnt, lzcnt, tsc, tscinvbit, avx, avx2, aes, erms, clmul, bmi1, bmi2, adx, sha, fma, vzeroupper, clflush, clflushopt, rdtscp, rdpid, fsrm, f16c, pku, cet_ss
Processor Information for all 12 processors :
  Max Mhz: 3701, Current Mhz: 3701, Mhz Limit: 3701

Memory: 4k page, system-wide physical 32712M (3110M free)
TotalPageFile size 91435M (AvailPageFile size 4152M)
current process WorkingSet (physical memory assigned to process): 156M, peak: 1038M
current process commit charge ("private bytes"): 1398M, peak: 8554M

vm_info: OpenJDK 64-Bit Server VM (21.0.2+13-LTS) for windows-amd64 JRE (21.0.2+13-LTS), built on 2024-01-16T00:00:00Z by "admin" with unknown MS VC++:1937

END.
